::1 - - [Wed, 05 Apr 2017 13:37:37 GMT] "GET / HTTP/1.1" 200 777 "-" "Mozilla/5.0 (Windows NT 6.3; WOW64) AppleWebKit/537.36 (KHTML, like Gecko) Chrome/56.0.2924.87 Safari/537.36"
::1 - - [Wed, 05 Apr 2017 13:37:40 GMT] "GET /stylesheets/style.css HTTP/1.1" 304 - "http://localhost:3000/" "Mozilla/5.0 (Windows NT 6.3; WOW64) AppleWebKit/537.36 (KHTML, like Gecko) Chrome/56.0.2924.87 Safari/537.36"
::1 - - [Wed, 05 Apr 2017 13:37:47 GMT] "GET /logout HTTP/1.1" 302 46 "http://localhost:3000/" "Mozilla/5.0 (Windows NT 6.3; WOW64) AppleWebKit/537.36 (KHTML, like Gecko) Chrome/56.0.2924.87 Safari/537.36"
::1 - - [Wed, 05 Apr 2017 13:37:47 GMT] "GET / HTTP/1.1" 200 744 "http://localhost:3000/" "Mozilla/5.0 (Windows NT 6.3; WOW64) AppleWebKit/537.36 (KHTML, like Gecko) Chrome/56.0.2924.87 Safari/537.36"
::1 - - [Wed, 05 Apr 2017 13:37:47 GMT] "GET /stylesheets/style.css HTTP/1.1" 304 - "http://localhost:3000/" "Mozilla/5.0 (Windows NT 6.3; WOW64) AppleWebKit/537.36 (KHTML, like Gecko) Chrome/56.0.2924.87 Safari/537.36"
::1 - - [Wed, 05 Apr 2017 13:37:55 GMT] "GET /login HTTP/1.1" 200 872 "http://localhost:3000/" "Mozilla/5.0 (Windows NT 6.3; WOW64) AppleWebKit/537.36 (KHTML, like Gecko) Chrome/56.0.2924.87 Safari/537.36"
::1 - - [Wed, 05 Apr 2017 13:37:55 GMT] "GET /stylesheets/style.css HTTP/1.1" 304 - "http://localhost:3000/login" "Mozilla/5.0 (Windows NT 6.3; WOW64) AppleWebKit/537.36 (KHTML, like Gecko) Chrome/56.0.2924.87 Safari/537.36"
::1 - - [Wed, 05 Apr 2017 13:38:04 GMT] "POST /login HTTP/1.1" 302 56 "http://localhost:3000/login" "Mozilla/5.0 (Windows NT 6.3; WOW64) AppleWebKit/537.36 (KHTML, like Gecko) Chrome/56.0.2924.87 Safari/537.36"
::1 - - [Wed, 05 Apr 2017 13:38:04 GMT] "GET /login HTTP/1.1" 200 900 "http://localhost:3000/login" "Mozilla/5.0 (Windows NT 6.3; WOW64) AppleWebKit/537.36 (KHTML, like Gecko) Chrome/56.0.2924.87 Safari/537.36"
::1 - - [Wed, 05 Apr 2017 13:38:04 GMT] "GET /stylesheets/style.css HTTP/1.1" 304 - "http://localhost:3000/login" "Mozilla/5.0 (Windows NT 6.3; WOW64) AppleWebKit/537.36 (KHTML, like Gecko) Chrome/56.0.2924.87 Safari/537.36"
::1 - - [Wed, 05 Apr 2017 13:38:06 GMT] "GET / HTTP/1.1" 200 716 "http://localhost:3000/login" "Mozilla/5.0 (Windows NT 6.3; WOW64) AppleWebKit/537.36 (KHTML, like Gecko) Chrome/56.0.2924.87 Safari/537.36"
::1 - - [Wed, 05 Apr 2017 13:38:07 GMT] "GET /stylesheets/style.css HTTP/1.1" 304 - "http://localhost:3000/" "Mozilla/5.0 (Windows NT 6.3; WOW64) AppleWebKit/537.36 (KHTML, like Gecko) Chrome/56.0.2924.87 Safari/537.36"
::1 - - [Wed, 05 Apr 2017 13:39:40 GMT] "GET /reg HTTP/1.1" 200 992 "http://localhost:3000/" "Mozilla/5.0 (Windows NT 6.3; WOW64) AppleWebKit/537.36 (KHTML, like Gecko) Chrome/56.0.2924.87 Safari/537.36"
::1 - - [Wed, 05 Apr 2017 13:39:40 GMT] "GET /stylesheets/style.css HTTP/1.1" 304 - "http://localhost:3000/reg" "Mozilla/5.0 (Windows NT 6.3; WOW64) AppleWebKit/537.36 (KHTML, like Gecko) Chrome/56.0.2924.87 Safari/537.36"
::1 - - [Wed, 05 Apr 2017 13:40:08 GMT] "POST /reg HTTP/1.1" 302 46 "http://localhost:3000/reg" "Mozilla/5.0 (Windows NT 6.3; WOW64) AppleWebKit/537.36 (KHTML, like Gecko) Chrome/56.0.2924.87 Safari/537.36"
::1 - - [Wed, 05 Apr 2017 13:40:08 GMT] "GET / HTTP/1.1" 200 803 "http://localhost:3000/reg" "Mozilla/5.0 (Windows NT 6.3; WOW64) AppleWebKit/537.36 (KHTML, like Gecko) Chrome/56.0.2924.87 Safari/537.36"
::1 - - [Wed, 05 Apr 2017 13:40:08 GMT] "GET /stylesheets/style.css HTTP/1.1" 304 - "http://localhost:3000/" "Mozilla/5.0 (Windows NT 6.3; WOW64) AppleWebKit/537.36 (KHTML, like Gecko) Chrome/56.0.2924.87 Safari/537.36"
::1 - - [Wed, 05 Apr 2017 13:40:11 GMT] "GET /post HTTP/1.1" 200 1076 "http://localhost:3000/" "Mozilla/5.0 (Windows NT 6.3; WOW64) AppleWebKit/537.36 (KHTML, like Gecko) Chrome/56.0.2924.87 Safari/537.36"
::1 - - [Wed, 05 Apr 2017 13:40:11 GMT] "GET /stylesheets/style.css HTTP/1.1" 304 - "http://localhost:3000/post" "Mozilla/5.0 (Windows NT 6.3; WOW64) AppleWebKit/537.36 (KHTML, like Gecko) Chrome/56.0.2924.87 Safari/537.36"
::1 - - [Wed, 05 Apr 2017 13:40:20 GMT] "POST /post HTTP/1.1" 302 46 "http://localhost:3000/post" "Mozilla/5.0 (Windows NT 6.3; WOW64) AppleWebKit/537.36 (KHTML, like Gecko) Chrome/56.0.2924.87 Safari/537.36"
::1 - - [Wed, 05 Apr 2017 13:40:20 GMT] "GET / HTTP/1.1" 200 1196 "http://localhost:3000/post" "Mozilla/5.0 (Windows NT 6.3; WOW64) AppleWebKit/537.36 (KHTML, like Gecko) Chrome/56.0.2924.87 Safari/537.36"
::1 - - [Wed, 05 Apr 2017 13:40:20 GMT] "GET /stylesheets/style.css HTTP/1.1" 304 - "http://localhost:3000/" "Mozilla/5.0 (Windows NT 6.3; WOW64) AppleWebKit/537.36 (KHTML, like Gecko) Chrome/56.0.2924.87 Safari/537.36"
::1 - - [Wed, 05 Apr 2017 13:40:28 GMT] "GET /logout HTTP/1.1" 302 46 "http://localhost:3000/" "Mozilla/5.0 (Windows NT 6.3; WOW64) AppleWebKit/537.36 (KHTML, like Gecko) Chrome/56.0.2924.87 Safari/537.36"
::1 - - [Wed, 05 Apr 2017 13:40:28 GMT] "GET / HTTP/1.1" 200 1135 "http://localhost:3000/" "Mozilla/5.0 (Windows NT 6.3; WOW64) AppleWebKit/537.36 (KHTML, like Gecko) Chrome/56.0.2924.87 Safari/537.36"
::1 - - [Wed, 05 Apr 2017 13:40:28 GMT] "GET /stylesheets/style.css HTTP/1.1" 304 - "http://localhost:3000/" "Mozilla/5.0 (Windows NT 6.3; WOW64) AppleWebKit/537.36 (KHTML, like Gecko) Chrome/56.0.2924.87 Safari/537.36"
::1 - - [Wed, 05 Apr 2017 13:40:30 GMT] "GET /reg HTTP/1.1" 200 992 "http://localhost:3000/" "Mozilla/5.0 (Windows NT 6.3; WOW64) AppleWebKit/537.36 (KHTML, like Gecko) Chrome/56.0.2924.87 Safari/537.36"
::1 - - [Wed, 05 Apr 2017 13:40:30 GMT] "GET /stylesheets/style.css HTTP/1.1" 304 - "http://localhost:3000/reg" "Mozilla/5.0 (Windows NT 6.3; WOW64) AppleWebKit/537.36 (KHTML, like Gecko) Chrome/56.0.2924.87 Safari/537.36"
::1 - - [Wed, 05 Apr 2017 13:40:54 GMT] "POST /reg HTTP/1.1" 302 46 "http://localhost:3000/reg" "Mozilla/5.0 (Windows NT 6.3; WOW64) AppleWebKit/537.36 (KHTML, like Gecko) Chrome/56.0.2924.87 Safari/537.36"
::1 - - [Wed, 05 Apr 2017 13:40:54 GMT] "GET / HTTP/1.1" 200 1194 "http://localhost:3000/reg" "Mozilla/5.0 (Windows NT 6.3; WOW64) AppleWebKit/537.36 (KHTML, like Gecko) Chrome/56.0.2924.87 Safari/537.36"
::1 - - [Wed, 05 Apr 2017 13:40:54 GMT] "GET /stylesheets/style.css HTTP/1.1" 304 - "http://localhost:3000/" "Mozilla/5.0 (Windows NT 6.3; WOW64) AppleWebKit/537.36 (KHTML, like Gecko) Chrome/56.0.2924.87 Safari/537.36"
::1 - - [Wed, 05 Apr 2017 13:40:59 GMT] "GET /u/likun6745109/2017-4-5/123 HTTP/1.1" 200 1554 "http://localhost:3000/" "Mozilla/5.0 (Windows NT 6.3; WOW64) AppleWebKit/537.36 (KHTML, like Gecko) Chrome/56.0.2924.87 Safari/537.36"
::1 - - [Wed, 05 Apr 2017 13:40:59 GMT] "GET /stylesheets/style.css HTTP/1.1" 304 - "http://localhost:3000/u/likun6745109/2017-4-5/123" "Mozilla/5.0 (Windows NT 6.3; WOW64) AppleWebKit/537.36 (KHTML, like Gecko) Chrome/56.0.2924.87 Safari/537.36"
::1 - - [Wed, 05 Apr 2017 13:41:00 GMT] "GET /reprint/likun6745109/2017-4-5/123 HTTP/1.1" 302 148 "http://localhost:3000/u/likun6745109/2017-4-5/123" "Mozilla/5.0 (Windows NT 6.3; WOW64) AppleWebKit/537.36 (KHTML, like Gecko) Chrome/56.0.2924.87 Safari/537.36"
::1 - - [Wed, 05 Apr 2017 13:41:00 GMT] "GET /u/liguo6745109/2017-4-5/%5B%E8%BD%AC%E8%BD%BD%5D123 HTTP/1.1" 200 1743 "http://localhost:3000/u/likun6745109/2017-4-5/123" "Mozilla/5.0 (Windows NT 6.3; WOW64) AppleWebKit/537.36 (KHTML, like Gecko) Chrome/56.0.2924.87 Safari/537.36"
::1 - - [Wed, 05 Apr 2017 13:41:00 GMT] "GET /stylesheets/style.css HTTP/1.1" 304 - "http://localhost:3000/u/liguo6745109/2017-4-5/%5B%E8%BD%AC%E8%BD%BD%5D123" "Mozilla/5.0 (Windows NT 6.3; WOW64) AppleWebKit/537.36 (KHTML, like Gecko) Chrome/56.0.2924.87 Safari/537.36"
::1 - - [Wed, 05 Apr 2017 13:41:04 GMT] "GET /edit/liguo6745109/2017-4-5/[%E8%BD%AC%E8%BD%BD]123 HTTP/1.1" 200 1146 "http://localhost:3000/u/liguo6745109/2017-4-5/%5B%E8%BD%AC%E8%BD%BD%5D123" "Mozilla/5.0 (Windows NT 6.3; WOW64) AppleWebKit/537.36 (KHTML, like Gecko) Chrome/56.0.2924.87 Safari/537.36"
::1 - - [Wed, 05 Apr 2017 13:41:04 GMT] "GET /stylesheets/style.css HTTP/1.1" 304 - "http://localhost:3000/edit/liguo6745109/2017-4-5/[%E8%BD%AC%E8%BD%BD]123" "Mozilla/5.0 (Windows NT 6.3; WOW64) AppleWebKit/537.36 (KHTML, like Gecko) Chrome/56.0.2924.87 Safari/537.36"
::1 - - [Wed, 05 Apr 2017 13:41:10 GMT] "POST /edit/liguo6745109/2017-4-5/[%E8%BD%AC%E8%BD%BD]123 HTTP/1.1" 302 148 "http://localhost:3000/edit/liguo6745109/2017-4-5/[%E8%BD%AC%E8%BD%BD]123" "Mozilla/5.0 (Windows NT 6.3; WOW64) AppleWebKit/537.36 (KHTML, like Gecko) Chrome/56.0.2924.87 Safari/537.36"
::1 - - [Wed, 05 Apr 2017 13:41:10 GMT] "GET /u/liguo6745109/2017-4-5/%5B%E8%BD%AC%E8%BD%BD%5D123 HTTP/1.1" 200 1720 "http://localhost:3000/edit/liguo6745109/2017-4-5/[%E8%BD%AC%E8%BD%BD]123" "Mozilla/5.0 (Windows NT 6.3; WOW64) AppleWebKit/537.36 (KHTML, like Gecko) Chrome/56.0.2924.87 Safari/537.36"
::1 - - [Wed, 05 Apr 2017 13:41:10 GMT] "GET /stylesheets/style.css HTTP/1.1" 304 - "http://localhost:3000/u/liguo6745109/2017-4-5/%5B%E8%BD%AC%E8%BD%BD%5D123" "Mozilla/5.0 (Windows NT 6.3; WOW64) AppleWebKit/537.36 (KHTML, like Gecko) Chrome/56.0.2924.87 Safari/537.36"
::1 - - [Wed, 05 Apr 2017 13:41:11 GMT] "GET / HTTP/1.1" 200 1613 "http://localhost:3000/u/liguo6745109/2017-4-5/%5B%E8%BD%AC%E8%BD%BD%5D123" "Mozilla/5.0 (Windows NT 6.3; WOW64) AppleWebKit/537.36 (KHTML, like Gecko) Chrome/56.0.2924.87 Safari/537.36"
::1 - - [Wed, 05 Apr 2017 13:41:11 GMT] "GET /stylesheets/style.css HTTP/1.1" 304 - "http://localhost:3000/" "Mozilla/5.0 (Windows NT 6.3; WOW64) AppleWebKit/537.36 (KHTML, like Gecko) Chrome/56.0.2924.87 Safari/537.36"
::1 - - [Wed, 05 Apr 2017 13:41:35 GMT] "GET /search?keyword=1 HTTP/1.1" 200 1002 "http://localhost:3000/" "Mozilla/5.0 (Windows NT 6.3; WOW64) AppleWebKit/537.36 (KHTML, like Gecko) Chrome/56.0.2924.87 Safari/537.36"
::1 - - [Wed, 05 Apr 2017 13:41:35 GMT] "GET /stylesheets/style.css HTTP/1.1" 304 - "http://localhost:3000/search?keyword=1" "Mozilla/5.0 (Windows NT 6.3; WOW64) AppleWebKit/537.36 (KHTML, like Gecko) Chrome/56.0.2924.87 Safari/537.36"
::1 - - [Wed, 05 Apr 2017 13:41:41 GMT] "GET /u/likun6745109/2017-4-5/123 HTTP/1.1" 200 1566 "http://localhost:3000/search?keyword=1" "Mozilla/5.0 (Windows NT 6.3; WOW64) AppleWebKit/537.36 (KHTML, like Gecko) Chrome/56.0.2924.87 Safari/537.36"
::1 - - [Wed, 05 Apr 2017 13:41:41 GMT] "GET /stylesheets/style.css HTTP/1.1" 304 - "http://localhost:3000/u/likun6745109/2017-4-5/123" "Mozilla/5.0 (Windows NT 6.3; WOW64) AppleWebKit/537.36 (KHTML, like Gecko) Chrome/56.0.2924.87 Safari/537.36"
::1 - - [Wed, 05 Apr 2017 13:42:30 GMT] "POST /u/likun6745109/2017-4-5/123 HTTP/1.1" 302 142 "http://localhost:3000/u/likun6745109/2017-4-5/123" "Mozilla/5.0 (Windows NT 6.3; WOW64) AppleWebKit/537.36 (KHTML, like Gecko) Chrome/56.0.2924.87 Safari/537.36"
::1 - - [Wed, 05 Apr 2017 13:42:30 GMT] "GET /u/likun6745109/2017-4-5/123 HTTP/1.1" 200 1717 "http://localhost:3000/u/likun6745109/2017-4-5/123" "Mozilla/5.0 (Windows NT 6.3; WOW64) AppleWebKit/537.36 (KHTML, like Gecko) Chrome/56.0.2924.87 Safari/537.36"
::1 - - [Wed, 05 Apr 2017 13:42:30 GMT] "GET /stylesheets/style.css HTTP/1.1" 304 - "http://localhost:3000/u/likun6745109/2017-4-5/123" "Mozilla/5.0 (Windows NT 6.3; WOW64) AppleWebKit/537.36 (KHTML, like Gecko) Chrome/56.0.2924.87 Safari/537.36"
::1 - - [Wed, 05 Apr 2017 13:42:36 GMT] "GET /links HTTP/1.1" 304 - "http://localhost:3000/u/likun6745109/2017-4-5/123" "Mozilla/5.0 (Windows NT 6.3; WOW64) AppleWebKit/537.36 (KHTML, like Gecko) Chrome/56.0.2924.87 Safari/537.36"
::1 - - [Wed, 05 Apr 2017 13:42:36 GMT] "GET /stylesheets/style.css HTTP/1.1" 304 - "http://localhost:3000/links" "Mozilla/5.0 (Windows NT 6.3; WOW64) AppleWebKit/537.36 (KHTML, like Gecko) Chrome/56.0.2924.87 Safari/537.36"
::1 - - [Thu, 06 Apr 2017 06:50:06 GMT] "GET / HTTP/1.1" 200 1552 "-" "Mozilla/5.0 (Windows NT 6.3; WOW64; rv:51.0) Gecko/20100101 Firefox/51.0"
::1 - - [Thu, 06 Apr 2017 06:50:06 GMT] "GET /stylesheets/style.css HTTP/1.1" 304 - "http://localhost:3000/" "Mozilla/5.0 (Windows NT 6.3; WOW64; rv:51.0) Gecko/20100101 Firefox/51.0"
<<<<<<< 5866008ef8c4b196cf3b86d4688339bfbae211ee
::1 - - [Mon, 17 Apr 2017 14:33:16 GMT] "GET / HTTP/1.1" 200 1552 "-" "Mozilla/5.0 (Windows NT 6.3; WOW64; rv:51.0) Gecko/20100101 Firefox/51.0"
::1 - - [Mon, 17 Apr 2017 14:33:16 GMT] "GET /stylesheets/style.css HTTP/1.1" 304 - "http://localhost:3000/" "Mozilla/5.0 (Windows NT 6.3; WOW64; rv:51.0) Gecko/20100101 Firefox/51.0"
::1 - - [Mon, 17 Apr 2017 14:33:43 GMT] "GET /reg HTTP/1.1" 200 992 "http://localhost:3000/" "Mozilla/5.0 (Windows NT 6.3; WOW64; rv:51.0) Gecko/20100101 Firefox/51.0"
::1 - - [Mon, 17 Apr 2017 14:33:43 GMT] "GET /stylesheets/style.css HTTP/1.1" 304 - "http://localhost:3000/reg" "Mozilla/5.0 (Windows NT 6.3; WOW64; rv:51.0) Gecko/20100101 Firefox/51.0"
::1 - - [Mon, 17 Apr 2017 14:33:47 GMT] "GET /login HTTP/1.1" 200 872 "http://localhost:3000/reg" "Mozilla/5.0 (Windows NT 6.3; WOW64; rv:51.0) Gecko/20100101 Firefox/51.0"
::1 - - [Mon, 17 Apr 2017 14:33:48 GMT] "GET /stylesheets/style.css HTTP/1.1" 304 - "http://localhost:3000/login" "Mozilla/5.0 (Windows NT 6.3; WOW64; rv:51.0) Gecko/20100101 Firefox/51.0"
::1 - - [Mon, 17 Apr 2017 14:33:49 GMT] "GET /reg HTTP/1.1" 304 - "http://localhost:3000/login" "Mozilla/5.0 (Windows NT 6.3; WOW64; rv:51.0) Gecko/20100101 Firefox/51.0"
::1 - - [Mon, 17 Apr 2017 14:33:49 GMT] "GET /stylesheets/style.css HTTP/1.1" 304 - "http://localhost:3000/reg" "Mozilla/5.0 (Windows NT 6.3; WOW64; rv:51.0) Gecko/20100101 Firefox/51.0"
::1 - - [Mon, 17 Apr 2017 14:34:11 GMT] "POST /reg HTTP/1.1" 302 46 "http://localhost:3000/reg" "Mozilla/5.0 (Windows NT 6.3; WOW64; rv:51.0) Gecko/20100101 Firefox/51.0"
::1 - - [Mon, 17 Apr 2017 14:34:11 GMT] "GET / HTTP/1.1" 200 1639 "http://localhost:3000/reg" "Mozilla/5.0 (Windows NT 6.3; WOW64; rv:51.0) Gecko/20100101 Firefox/51.0"
::1 - - [Mon, 17 Apr 2017 14:34:11 GMT] "GET /stylesheets/style.css HTTP/1.1" 304 - "http://localhost:3000/" "Mozilla/5.0 (Windows NT 6.3; WOW64; rv:51.0) Gecko/20100101 Firefox/51.0"
::1 - - [Mon, 17 Apr 2017 14:34:22 GMT] "GET /post HTTP/1.1" 200 1076 "http://localhost:3000/" "Mozilla/5.0 (Windows NT 6.3; WOW64; rv:51.0) Gecko/20100101 Firefox/51.0"
::1 - - [Mon, 17 Apr 2017 14:34:22 GMT] "GET /stylesheets/style.css HTTP/1.1" 304 - "http://localhost:3000/post" "Mozilla/5.0 (Windows NT 6.3; WOW64; rv:51.0) Gecko/20100101 Firefox/51.0"
::1 - - [Mon, 17 Apr 2017 14:34:30 GMT] "POST /post HTTP/1.1" 302 46 "http://localhost:3000/post" "Mozilla/5.0 (Windows NT 6.3; WOW64; rv:51.0) Gecko/20100101 Firefox/51.0"
::1 - - [Mon, 17 Apr 2017 14:34:30 GMT] "GET / HTTP/1.1" 200 2002 "http://localhost:3000/post" "Mozilla/5.0 (Windows NT 6.3; WOW64; rv:51.0) Gecko/20100101 Firefox/51.0"
::1 - - [Mon, 17 Apr 2017 14:34:30 GMT] "GET /stylesheets/style.css HTTP/1.1" 304 - "http://localhost:3000/" "Mozilla/5.0 (Windows NT 6.3; WOW64; rv:51.0) Gecko/20100101 Firefox/51.0"
::1 - - [Mon, 17 Apr 2017 14:34:58 GMT] "GET /logout HTTP/1.1" 302 46 "http://localhost:3000/" "Mozilla/5.0 (Windows NT 6.3; WOW64; rv:51.0) Gecko/20100101 Firefox/51.0"
::1 - - [Mon, 17 Apr 2017 14:34:58 GMT] "GET / HTTP/1.1" 200 1941 "http://localhost:3000/" "Mozilla/5.0 (Windows NT 6.3; WOW64; rv:51.0) Gecko/20100101 Firefox/51.0"
::1 - - [Mon, 17 Apr 2017 14:34:58 GMT] "GET /stylesheets/style.css HTTP/1.1" 304 - "http://localhost:3000/" "Mozilla/5.0 (Windows NT 6.3; WOW64; rv:51.0) Gecko/20100101 Firefox/51.0"
::1 - - [Mon, 17 Apr 2017 14:35:04 GMT] "GET /login HTTP/1.1" 304 - "http://localhost:3000/" "Mozilla/5.0 (Windows NT 6.3; WOW64; rv:51.0) Gecko/20100101 Firefox/51.0"
::1 - - [Mon, 17 Apr 2017 14:35:04 GMT] "GET /stylesheets/style.css HTTP/1.1" 304 - "http://localhost:3000/login" "Mozilla/5.0 (Windows NT 6.3; WOW64; rv:51.0) Gecko/20100101 Firefox/51.0"
::1 - - [Mon, 17 Apr 2017 14:35:26 GMT] "POST /login HTTP/1.1" 302 46 "http://localhost:3000/login" "Mozilla/5.0 (Windows NT 6.3; WOW64; rv:51.0) Gecko/20100101 Firefox/51.0"
::1 - - [Mon, 17 Apr 2017 14:35:27 GMT] "GET / HTTP/1.1" 200 1999 "http://localhost:3000/login" "Mozilla/5.0 (Windows NT 6.3; WOW64; rv:51.0) Gecko/20100101 Firefox/51.0"
::1 - - [Mon, 17 Apr 2017 14:35:27 GMT] "GET /stylesheets/style.css HTTP/1.1" 304 - "http://localhost:3000/" "Mozilla/5.0 (Windows NT 6.3; WOW64; rv:51.0) Gecko/20100101 Firefox/51.0"
::1 - - [Mon, 17 Apr 2017 14:35:49 GMT] "GET /search?keyword=4 HTTP/1.1" 200 784 "http://localhost:3000/" "Mozilla/5.0 (Windows NT 6.3; WOW64; rv:51.0) Gecko/20100101 Firefox/51.0"
::1 - - [Mon, 17 Apr 2017 14:35:50 GMT] "GET /stylesheets/style.css HTTP/1.1" 304 - "http://localhost:3000/search?keyword=4" "Mozilla/5.0 (Windows NT 6.3; WOW64; rv:51.0) Gecko/20100101 Firefox/51.0"
::1 - - [Mon, 17 Apr 2017 14:35:53 GMT] "GET /search?keyword=7 HTTP/1.1" 200 892 "http://localhost:3000/search?keyword=4" "Mozilla/5.0 (Windows NT 6.3; WOW64; rv:51.0) Gecko/20100101 Firefox/51.0"
::1 - - [Mon, 17 Apr 2017 14:35:53 GMT] "GET /stylesheets/style.css HTTP/1.1" 304 - "http://localhost:3000/search?keyword=7" "Mozilla/5.0 (Windows NT 6.3; WOW64; rv:51.0) Gecko/20100101 Firefox/51.0"
::1 - - [Mon, 17 Apr 2017 14:35:58 GMT] "GET / HTTP/1.1" 200 1974 "http://localhost:3000/search?keyword=7" "Mozilla/5.0 (Windows NT 6.3; WOW64; rv:51.0) Gecko/20100101 Firefox/51.0"
::1 - - [Mon, 17 Apr 2017 14:35:58 GMT] "GET /stylesheets/style.css HTTP/1.1" 304 - "http://localhost:3000/" "Mozilla/5.0 (Windows NT 6.3; WOW64; rv:51.0) Gecko/20100101 Firefox/51.0"
::1 - - [Mon, 17 Apr 2017 14:36:09 GMT] "GET /u/likun6745109/2017-4-5/123 HTTP/1.1" 200 1664 "http://localhost:3000/" "Mozilla/5.0 (Windows NT 6.3; WOW64; rv:51.0) Gecko/20100101 Firefox/51.0"
::1 - - [Mon, 17 Apr 2017 14:36:09 GMT] "GET /stylesheets/style.css HTTP/1.1" 304 - "http://localhost:3000/u/likun6745109/2017-4-5/123" "Mozilla/5.0 (Windows NT 6.3; WOW64; rv:51.0) Gecko/20100101 Firefox/51.0"
::1 - - [Mon, 17 Apr 2017 14:37:36 GMT] "GET / HTTP/1.1" 200 1974 "http://localhost:3000/u/likun6745109/2017-4-5/123" "Mozilla/5.0 (Windows NT 6.3; WOW64; rv:51.0) Gecko/20100101 Firefox/51.0"
::1 - - [Mon, 17 Apr 2017 14:37:36 GMT] "GET /stylesheets/style.css HTTP/1.1" 304 - "http://localhost:3000/" "Mozilla/5.0 (Windows NT 6.3; WOW64; rv:51.0) Gecko/20100101 Firefox/51.0"
::1 - - [Tue, 18 Apr 2017 14:21:17 GMT] "GET / HTTP/1.1" 200 716 "-" "Mozilla/5.0 (Windows NT 10.0; WOW64; rv:51.0) Gecko/20100101 Firefox/51.0"
::1 - - [Tue, 18 Apr 2017 14:21:17 GMT] "GET /stylesheets/style.css HTTP/1.1" 200 1962 "http://localhost:3000/" "Mozilla/5.0 (Windows NT 10.0; WOW64; rv:51.0) Gecko/20100101 Firefox/51.0"
::1 - - [Tue, 18 Apr 2017 14:21:19 GMT] "GET / HTTP/1.1" 304 - "http://localhost:3000/" "Mozilla/5.0 (Windows NT 10.0; WOW64; rv:51.0) Gecko/20100101 Firefox/51.0"
::1 - - [Tue, 18 Apr 2017 14:21:19 GMT] "GET /stylesheets/style.css HTTP/1.1" 304 - "http://localhost:3000/" "Mozilla/5.0 (Windows NT 10.0; WOW64; rv:51.0) Gecko/20100101 Firefox/51.0"
::1 - - [Wed, 19 Apr 2017 01:35:16 GMT] "GET / HTTP/1.1" 304 - "-" "Mozilla/5.0 (Windows NT 10.0; WOW64; rv:51.0) Gecko/20100101 Firefox/51.0"
::1 - - [Wed, 19 Apr 2017 01:35:16 GMT] "GET /stylesheets/style.css HTTP/1.1" 304 - "http://localhost:3000/" "Mozilla/5.0 (Windows NT 10.0; WOW64; rv:51.0) Gecko/20100101 Firefox/51.0"
::1 - - [Wed, 19 Apr 2017 01:35:20 GMT] "GET /reg HTTP/1.1" 200 992 "http://localhost:3000/" "Mozilla/5.0 (Windows NT 10.0; WOW64; rv:51.0) Gecko/20100101 Firefox/51.0"
::1 - - [Wed, 19 Apr 2017 01:35:20 GMT] "GET /stylesheets/style.css HTTP/1.1" 304 - "http://localhost:3000/reg" "Mozilla/5.0 (Windows NT 10.0; WOW64; rv:51.0) Gecko/20100101 Firefox/51.0"
::1 - - [Wed, 19 Apr 2017 01:35:31 GMT] "POST /reg HTTP/1.1" 302 46 "http://localhost:3000/reg" "Mozilla/5.0 (Windows NT 10.0; WOW64; rv:51.0) Gecko/20100101 Firefox/51.0"
::1 - - [Wed, 19 Apr 2017 01:35:31 GMT] "GET / HTTP/1.1" 200 803 "http://localhost:3000/reg" "Mozilla/5.0 (Windows NT 10.0; WOW64; rv:51.0) Gecko/20100101 Firefox/51.0"
::1 - - [Wed, 19 Apr 2017 01:35:31 GMT] "GET /stylesheets/style.css HTTP/1.1" 304 - "http://localhost:3000/" "Mozilla/5.0 (Windows NT 10.0; WOW64; rv:51.0) Gecko/20100101 Firefox/51.0"
=======
::1 - - [Thu, 06 Apr 2017 12:31:50 GMT] "GET / HTTP/1.1" 200 1204 "http://localhost:3000/login" "Mozilla/5.0 (Windows NT 6.3; WOW64) AppleWebKit/537.36 (KHTML, like Gecko) Chrome/56.0.2924.87 Safari/537.36"
::1 - - [Thu, 06 Apr 2017 12:31:51 GMT] "GET /stylesheets/style.css HTTP/1.1" 304 - "http://localhost:3000/" "Mozilla/5.0 (Windows NT 6.3; WOW64) AppleWebKit/537.36 (KHTML, like Gecko) Chrome/56.0.2924.87 Safari/537.36"
::1 - - [Thu, 06 Apr 2017 12:31:51 GMT] "GET /kindEditor/kindeditor-all-min.js HTTP/1.1" 200 186117 "http://localhost:3000/" "Mozilla/5.0 (Windows NT 6.3; WOW64) AppleWebKit/537.36 (KHTML, like Gecko) Chrome/56.0.2924.87 Safari/537.36"
::1 - - [Thu, 06 Apr 2017 12:31:52 GMT] "GET /kindEditor/lang/zh_CN.js HTTP/1.1" 200 132 "http://localhost:3000/" "Mozilla/5.0 (Windows NT 6.3; WOW64) AppleWebKit/537.36 (KHTML, like Gecko) Chrome/56.0.2924.87 Safari/537.36"
::1 - - [Thu, 06 Apr 2017 12:31:55 GMT] "GET /reg HTTP/1.1" 200 1480 "http://localhost:3000/" "Mozilla/5.0 (Windows NT 6.3; WOW64) AppleWebKit/537.36 (KHTML, like Gecko) Chrome/56.0.2924.87 Safari/537.36"
::1 - - [Thu, 06 Apr 2017 12:31:56 GMT] "GET /stylesheets/style.css HTTP/1.1" 304 - "http://localhost:3000/reg" "Mozilla/5.0 (Windows NT 6.3; WOW64) AppleWebKit/537.36 (KHTML, like Gecko) Chrome/56.0.2924.87 Safari/537.36"
::1 - - [Thu, 06 Apr 2017 12:31:56 GMT] "GET /kindEditor/kindeditor-all-min.js HTTP/1.1" 304 - "http://localhost:3000/reg" "Mozilla/5.0 (Windows NT 6.3; WOW64) AppleWebKit/537.36 (KHTML, like Gecko) Chrome/56.0.2924.87 Safari/537.36"
::1 - - [Thu, 06 Apr 2017 12:31:56 GMT] "GET /kindEditor/lang/zh_CN.js HTTP/1.1" 304 - "http://localhost:3000/reg" "Mozilla/5.0 (Windows NT 6.3; WOW64) AppleWebKit/537.36 (KHTML, like Gecko) Chrome/56.0.2924.87 Safari/537.36"
::1 - - [Thu, 06 Apr 2017 12:32:16 GMT] "GET /tags HTTP/1.1" 200 1181 "http://localhost:3000/reg" "Mozilla/5.0 (Windows NT 6.3; WOW64) AppleWebKit/537.36 (KHTML, like Gecko) Chrome/56.0.2924.87 Safari/537.36"
::1 - - [Thu, 06 Apr 2017 12:32:16 GMT] "GET /stylesheets/style.css HTTP/1.1" 304 - "http://localhost:3000/tags" "Mozilla/5.0 (Windows NT 6.3; WOW64) AppleWebKit/537.36 (KHTML, like Gecko) Chrome/56.0.2924.87 Safari/537.36"
::1 - - [Thu, 06 Apr 2017 12:32:16 GMT] "GET /kindEditor/kindeditor-all-min.js HTTP/1.1" 304 - "http://localhost:3000/tags" "Mozilla/5.0 (Windows NT 6.3; WOW64) AppleWebKit/537.36 (KHTML, like Gecko) Chrome/56.0.2924.87 Safari/537.36"
::1 - - [Thu, 06 Apr 2017 12:32:16 GMT] "GET /kindEditor/lang/zh_CN.js HTTP/1.1" 304 - "http://localhost:3000/tags" "Mozilla/5.0 (Windows NT 6.3; WOW64) AppleWebKit/537.36 (KHTML, like Gecko) Chrome/56.0.2924.87 Safari/537.36"
::1 - - [Thu, 06 Apr 2017 12:32:19 GMT] "GET /reg HTTP/1.1" 304 - "http://localhost:3000/tags" "Mozilla/5.0 (Windows NT 6.3; WOW64) AppleWebKit/537.36 (KHTML, like Gecko) Chrome/56.0.2924.87 Safari/537.36"
::1 - - [Thu, 06 Apr 2017 12:32:20 GMT] "GET /stylesheets/style.css HTTP/1.1" 304 - "http://localhost:3000/reg" "Mozilla/5.0 (Windows NT 6.3; WOW64) AppleWebKit/537.36 (KHTML, like Gecko) Chrome/56.0.2924.87 Safari/537.36"
::1 - - [Thu, 06 Apr 2017 12:32:20 GMT] "GET /kindEditor/kindeditor-all-min.js HTTP/1.1" 304 - "http://localhost:3000/reg" "Mozilla/5.0 (Windows NT 6.3; WOW64) AppleWebKit/537.36 (KHTML, like Gecko) Chrome/56.0.2924.87 Safari/537.36"
::1 - - [Thu, 06 Apr 2017 12:32:20 GMT] "GET /kindEditor/lang/zh_CN.js HTTP/1.1" 304 - "http://localhost:3000/reg" "Mozilla/5.0 (Windows NT 6.3; WOW64) AppleWebKit/537.36 (KHTML, like Gecko) Chrome/56.0.2924.87 Safari/537.36"
::1 - - [Thu, 06 Apr 2017 12:32:37 GMT] "POST /reg HTTP/1.1" 302 46 "http://localhost:3000/reg" "Mozilla/5.0 (Windows NT 6.3; WOW64) AppleWebKit/537.36 (KHTML, like Gecko) Chrome/56.0.2924.87 Safari/537.36"
::1 - - [Thu, 06 Apr 2017 12:32:37 GMT] "GET / HTTP/1.1" 200 1291 "http://localhost:3000/reg" "Mozilla/5.0 (Windows NT 6.3; WOW64) AppleWebKit/537.36 (KHTML, like Gecko) Chrome/56.0.2924.87 Safari/537.36"
::1 - - [Thu, 06 Apr 2017 12:32:37 GMT] "GET /stylesheets/style.css HTTP/1.1" 304 - "http://localhost:3000/" "Mozilla/5.0 (Windows NT 6.3; WOW64) AppleWebKit/537.36 (KHTML, like Gecko) Chrome/56.0.2924.87 Safari/537.36"
::1 - - [Thu, 06 Apr 2017 12:32:37 GMT] "GET /kindEditor/kindeditor-all-min.js HTTP/1.1" 304 - "http://localhost:3000/" "Mozilla/5.0 (Windows NT 6.3; WOW64) AppleWebKit/537.36 (KHTML, like Gecko) Chrome/56.0.2924.87 Safari/537.36"
::1 - - [Thu, 06 Apr 2017 12:32:37 GMT] "GET /kindEditor/lang/zh_CN.js HTTP/1.1" 304 - "http://localhost:3000/" "Mozilla/5.0 (Windows NT 6.3; WOW64) AppleWebKit/537.36 (KHTML, like Gecko) Chrome/56.0.2924.87 Safari/537.36"
::1 - - [Thu, 06 Apr 2017 12:32:52 GMT] "GET /post HTTP/1.1" 200 1564 "http://localhost:3000/" "Mozilla/5.0 (Windows NT 6.3; WOW64) AppleWebKit/537.36 (KHTML, like Gecko) Chrome/56.0.2924.87 Safari/537.36"
::1 - - [Thu, 06 Apr 2017 12:32:52 GMT] "GET /stylesheets/style.css HTTP/1.1" 304 - "http://localhost:3000/post" "Mozilla/5.0 (Windows NT 6.3; WOW64) AppleWebKit/537.36 (KHTML, like Gecko) Chrome/56.0.2924.87 Safari/537.36"
::1 - - [Thu, 06 Apr 2017 12:32:53 GMT] "GET /kindEditor/kindeditor-all-min.js HTTP/1.1" 304 - "http://localhost:3000/post" "Mozilla/5.0 (Windows NT 6.3; WOW64) AppleWebKit/537.36 (KHTML, like Gecko) Chrome/56.0.2924.87 Safari/537.36"
::1 - - [Thu, 06 Apr 2017 12:32:53 GMT] "GET /kindEditor/lang/zh_CN.js HTTP/1.1" 304 - "http://localhost:3000/post" "Mozilla/5.0 (Windows NT 6.3; WOW64) AppleWebKit/537.36 (KHTML, like Gecko) Chrome/56.0.2924.87 Safari/537.36"
::1 - - [Thu, 06 Apr 2017 12:34:39 GMT] "GET /post HTTP/1.1" 200 1573 "http://localhost:3000/" "Mozilla/5.0 (Windows NT 6.3; WOW64) AppleWebKit/537.36 (KHTML, like Gecko) Chrome/56.0.2924.87 Safari/537.36"
::1 - - [Thu, 06 Apr 2017 12:34:39 GMT] "GET /stylesheets/style.css HTTP/1.1" 304 - "http://localhost:3000/post" "Mozilla/5.0 (Windows NT 6.3; WOW64) AppleWebKit/537.36 (KHTML, like Gecko) Chrome/56.0.2924.87 Safari/537.36"
::1 - - [Thu, 06 Apr 2017 12:34:39 GMT] "GET /kindEditor/kindeditor-all-min.js HTTP/1.1" 304 - "http://localhost:3000/post" "Mozilla/5.0 (Windows NT 6.3; WOW64) AppleWebKit/537.36 (KHTML, like Gecko) Chrome/56.0.2924.87 Safari/537.36"
::1 - - [Thu, 06 Apr 2017 12:34:39 GMT] "GET /kindEditor/lang/zh_CN.js HTTP/1.1" 304 - "http://localhost:3000/post" "Mozilla/5.0 (Windows NT 6.3; WOW64) AppleWebKit/537.36 (KHTML, like Gecko) Chrome/56.0.2924.87 Safari/537.36"
::1 - - [Thu, 06 Apr 2017 12:35:17 GMT] "GET /post HTTP/1.1" 200 1566 "http://localhost:3000/" "Mozilla/5.0 (Windows NT 6.3; WOW64) AppleWebKit/537.36 (KHTML, like Gecko) Chrome/56.0.2924.87 Safari/537.36"
::1 - - [Thu, 06 Apr 2017 12:35:17 GMT] "GET /stylesheets/style.css HTTP/1.1" 304 - "http://localhost:3000/post" "Mozilla/5.0 (Windows NT 6.3; WOW64) AppleWebKit/537.36 (KHTML, like Gecko) Chrome/56.0.2924.87 Safari/537.36"
::1 - - [Thu, 06 Apr 2017 12:35:17 GMT] "GET /kindEditor/kindeditor-all-min.js HTTP/1.1" 304 - "http://localhost:3000/post" "Mozilla/5.0 (Windows NT 6.3; WOW64) AppleWebKit/537.36 (KHTML, like Gecko) Chrome/56.0.2924.87 Safari/537.36"
::1 - - [Thu, 06 Apr 2017 12:35:17 GMT] "GET /kindEditor/lang/zh_CN.js HTTP/1.1" 304 - "http://localhost:3000/post" "Mozilla/5.0 (Windows NT 6.3; WOW64) AppleWebKit/537.36 (KHTML, like Gecko) Chrome/56.0.2924.87 Safari/537.36"
::1 - - [Thu, 06 Apr 2017 12:35:19 GMT] "GET /post HTTP/1.1" 304 - "http://localhost:3000/" "Mozilla/5.0 (Windows NT 6.3; WOW64) AppleWebKit/537.36 (KHTML, like Gecko) Chrome/56.0.2924.87 Safari/537.36"
::1 - - [Thu, 06 Apr 2017 12:35:19 GMT] "GET /stylesheets/style.css HTTP/1.1" 304 - "http://localhost:3000/post" "Mozilla/5.0 (Windows NT 6.3; WOW64) AppleWebKit/537.36 (KHTML, like Gecko) Chrome/56.0.2924.87 Safari/537.36"
::1 - - [Thu, 06 Apr 2017 12:35:19 GMT] "GET /kindEditor/kindeditor-all-min.js HTTP/1.1" 304 - "http://localhost:3000/post" "Mozilla/5.0 (Windows NT 6.3; WOW64) AppleWebKit/537.36 (KHTML, like Gecko) Chrome/56.0.2924.87 Safari/537.36"
::1 - - [Thu, 06 Apr 2017 12:35:19 GMT] "GET /kindEditor/lang/zh_CN.js HTTP/1.1" 304 - "http://localhost:3000/post" "Mozilla/5.0 (Windows NT 6.3; WOW64) AppleWebKit/537.36 (KHTML, like Gecko) Chrome/56.0.2924.87 Safari/537.36"
::1 - - [Thu, 06 Apr 2017 12:35:29 GMT] "GET /post HTTP/1.1" 200 1552 "http://localhost:3000/" "Mozilla/5.0 (Windows NT 6.3; WOW64) AppleWebKit/537.36 (KHTML, like Gecko) Chrome/56.0.2924.87 Safari/537.36"
::1 - - [Thu, 06 Apr 2017 12:35:29 GMT] "GET /stylesheets/style.css HTTP/1.1" 304 - "http://localhost:3000/post" "Mozilla/5.0 (Windows NT 6.3; WOW64) AppleWebKit/537.36 (KHTML, like Gecko) Chrome/56.0.2924.87 Safari/537.36"
::1 - - [Thu, 06 Apr 2017 12:35:29 GMT] "GET /kindEditor/kindeditor-all-min.js HTTP/1.1" 304 - "http://localhost:3000/post" "Mozilla/5.0 (Windows NT 6.3; WOW64) AppleWebKit/537.36 (KHTML, like Gecko) Chrome/56.0.2924.87 Safari/537.36"
::1 - - [Thu, 06 Apr 2017 12:35:29 GMT] "GET /kindEditor/lang/zh_CN.js HTTP/1.1" 304 - "http://localhost:3000/post" "Mozilla/5.0 (Windows NT 6.3; WOW64) AppleWebKit/537.36 (KHTML, like Gecko) Chrome/56.0.2924.87 Safari/537.36"
::1 - - [Thu, 06 Apr 2017 12:35:30 GMT] "GET /post HTTP/1.1" 304 - "http://localhost:3000/" "Mozilla/5.0 (Windows NT 6.3; WOW64) AppleWebKit/537.36 (KHTML, like Gecko) Chrome/56.0.2924.87 Safari/537.36"
::1 - - [Thu, 06 Apr 2017 12:35:30 GMT] "GET /stylesheets/style.css HTTP/1.1" 304 - "http://localhost:3000/post" "Mozilla/5.0 (Windows NT 6.3; WOW64) AppleWebKit/537.36 (KHTML, like Gecko) Chrome/56.0.2924.87 Safari/537.36"
::1 - - [Thu, 06 Apr 2017 12:35:30 GMT] "GET /kindEditor/kindeditor-all-min.js HTTP/1.1" 304 - "http://localhost:3000/post" "Mozilla/5.0 (Windows NT 6.3; WOW64) AppleWebKit/537.36 (KHTML, like Gecko) Chrome/56.0.2924.87 Safari/537.36"
::1 - - [Thu, 06 Apr 2017 12:35:30 GMT] "GET /kindEditor/lang/zh_CN.js HTTP/1.1" 304 - "http://localhost:3000/post" "Mozilla/5.0 (Windows NT 6.3; WOW64) AppleWebKit/537.36 (KHTML, like Gecko) Chrome/56.0.2924.87 Safari/537.36"
::1 - - [Thu, 06 Apr 2017 12:37:21 GMT] "GET /post HTTP/1.1" 200 1561 "http://localhost:3000/" "Mozilla/5.0 (Windows NT 6.3; WOW64) AppleWebKit/537.36 (KHTML, like Gecko) Chrome/56.0.2924.87 Safari/537.36"
::1 - - [Thu, 06 Apr 2017 12:37:21 GMT] "GET /stylesheets/style.css HTTP/1.1" 304 - "http://localhost:3000/post" "Mozilla/5.0 (Windows NT 6.3; WOW64) AppleWebKit/537.36 (KHTML, like Gecko) Chrome/56.0.2924.87 Safari/537.36"
::1 - - [Thu, 06 Apr 2017 12:37:21 GMT] "GET /kindEditor/kindeditor-all-min.js HTTP/1.1" 304 - "http://localhost:3000/post" "Mozilla/5.0 (Windows NT 6.3; WOW64) AppleWebKit/537.36 (KHTML, like Gecko) Chrome/56.0.2924.87 Safari/537.36"
::1 - - [Thu, 06 Apr 2017 12:37:22 GMT] "GET /kindEditor/lang/zh_CN.js HTTP/1.1" 304 - "http://localhost:3000/post" "Mozilla/5.0 (Windows NT 6.3; WOW64) AppleWebKit/537.36 (KHTML, like Gecko) Chrome/56.0.2924.87 Safari/537.36"
::1 - - [Thu, 06 Apr 2017 12:37:22 GMT] "GET /post HTTP/1.1" 304 - "http://localhost:3000/" "Mozilla/5.0 (Windows NT 6.3; WOW64) AppleWebKit/537.36 (KHTML, like Gecko) Chrome/56.0.2924.87 Safari/537.36"
::1 - - [Thu, 06 Apr 2017 12:37:23 GMT] "GET /stylesheets/style.css HTTP/1.1" 304 - "http://localhost:3000/post" "Mozilla/5.0 (Windows NT 6.3; WOW64) AppleWebKit/537.36 (KHTML, like Gecko) Chrome/56.0.2924.87 Safari/537.36"
::1 - - [Thu, 06 Apr 2017 12:37:23 GMT] "GET /kindEditor/kindeditor-all-min.js HTTP/1.1" 304 - "http://localhost:3000/post" "Mozilla/5.0 (Windows NT 6.3; WOW64) AppleWebKit/537.36 (KHTML, like Gecko) Chrome/56.0.2924.87 Safari/537.36"
::1 - - [Thu, 06 Apr 2017 12:37:23 GMT] "GET /kindEditor/lang/zh_CN.js HTTP/1.1" 304 - "http://localhost:3000/post" "Mozilla/5.0 (Windows NT 6.3; WOW64) AppleWebKit/537.36 (KHTML, like Gecko) Chrome/56.0.2924.87 Safari/537.36"
::1 - - [Thu, 06 Apr 2017 12:38:22 GMT] "GET /post HTTP/1.1" 200 1551 "http://localhost:3000/" "Mozilla/5.0 (Windows NT 6.3; WOW64) AppleWebKit/537.36 (KHTML, like Gecko) Chrome/56.0.2924.87 Safari/537.36"
::1 - - [Thu, 06 Apr 2017 12:38:22 GMT] "GET /stylesheets/style.css HTTP/1.1" 304 - "http://localhost:3000/post" "Mozilla/5.0 (Windows NT 6.3; WOW64) AppleWebKit/537.36 (KHTML, like Gecko) Chrome/56.0.2924.87 Safari/537.36"
::1 - - [Thu, 06 Apr 2017 12:38:22 GMT] "GET /kindEditor/kindeditor-all-min.js HTTP/1.1" 304 - "http://localhost:3000/post" "Mozilla/5.0 (Windows NT 6.3; WOW64) AppleWebKit/537.36 (KHTML, like Gecko) Chrome/56.0.2924.87 Safari/537.36"
::1 - - [Thu, 06 Apr 2017 12:38:22 GMT] "GET /kindEditor/lang/zh_CN.js HTTP/1.1" 304 - "http://localhost:3000/post" "Mozilla/5.0 (Windows NT 6.3; WOW64) AppleWebKit/537.36 (KHTML, like Gecko) Chrome/56.0.2924.87 Safari/537.36"
::1 - - [Thu, 06 Apr 2017 12:39:37 GMT] "GET /post HTTP/1.1" 200 1621 "http://localhost:3000/" "Mozilla/5.0 (Windows NT 6.3; WOW64) AppleWebKit/537.36 (KHTML, like Gecko) Chrome/56.0.2924.87 Safari/537.36"
::1 - - [Thu, 06 Apr 2017 12:39:37 GMT] "GET /stylesheets/style.css HTTP/1.1" 304 - "http://localhost:3000/post" "Mozilla/5.0 (Windows NT 6.3; WOW64) AppleWebKit/537.36 (KHTML, like Gecko) Chrome/56.0.2924.87 Safari/537.36"
::1 - - [Thu, 06 Apr 2017 12:39:37 GMT] "GET /kindEditor/kindeditor-all-min.js HTTP/1.1" 304 - "http://localhost:3000/post" "Mozilla/5.0 (Windows NT 6.3; WOW64) AppleWebKit/537.36 (KHTML, like Gecko) Chrome/56.0.2924.87 Safari/537.36"
::1 - - [Thu, 06 Apr 2017 12:39:37 GMT] "GET /kindEditor/lang/zh_CN.js HTTP/1.1" 304 - "http://localhost:3000/post" "Mozilla/5.0 (Windows NT 6.3; WOW64) AppleWebKit/537.36 (KHTML, like Gecko) Chrome/56.0.2924.87 Safari/537.36"
::1 - - [Thu, 06 Apr 2017 12:39:37 GMT] "GET /kindEditor/kindeditor-all.js HTTP/1.1" 200 304873 "http://localhost:3000/post" "Mozilla/5.0 (Windows NT 6.3; WOW64) AppleWebKit/537.36 (KHTML, like Gecko) Chrome/56.0.2924.87 Safari/537.36"
::1 - - [Thu, 06 Apr 2017 12:39:38 GMT] "GET /post HTTP/1.1" 304 - "http://localhost:3000/" "Mozilla/5.0 (Windows NT 6.3; WOW64) AppleWebKit/537.36 (KHTML, like Gecko) Chrome/56.0.2924.87 Safari/537.36"
::1 - - [Thu, 06 Apr 2017 12:39:38 GMT] "GET /stylesheets/style.css HTTP/1.1" 304 - "http://localhost:3000/post" "Mozilla/5.0 (Windows NT 6.3; WOW64) AppleWebKit/537.36 (KHTML, like Gecko) Chrome/56.0.2924.87 Safari/537.36"
::1 - - [Thu, 06 Apr 2017 12:39:38 GMT] "GET /kindEditor/kindeditor-all-min.js HTTP/1.1" 304 - "http://localhost:3000/post" "Mozilla/5.0 (Windows NT 6.3; WOW64) AppleWebKit/537.36 (KHTML, like Gecko) Chrome/56.0.2924.87 Safari/537.36"
::1 - - [Thu, 06 Apr 2017 12:39:38 GMT] "GET /kindEditor/kindeditor-all.js HTTP/1.1" 304 - "http://localhost:3000/post" "Mozilla/5.0 (Windows NT 6.3; WOW64) AppleWebKit/537.36 (KHTML, like Gecko) Chrome/56.0.2924.87 Safari/537.36"
::1 - - [Thu, 06 Apr 2017 12:39:38 GMT] "GET /kindEditor/lang/zh_CN.js HTTP/1.1" 304 - "http://localhost:3000/post" "Mozilla/5.0 (Windows NT 6.3; WOW64) AppleWebKit/537.36 (KHTML, like Gecko) Chrome/56.0.2924.87 Safari/537.36"
::1 - - [Thu, 06 Apr 2017 12:39:39 GMT] "GET /post HTTP/1.1" 304 - "http://localhost:3000/" "Mozilla/5.0 (Windows NT 6.3; WOW64) AppleWebKit/537.36 (KHTML, like Gecko) Chrome/56.0.2924.87 Safari/537.36"
::1 - - [Thu, 06 Apr 2017 12:39:39 GMT] "GET /stylesheets/style.css HTTP/1.1" 304 - "http://localhost:3000/post" "Mozilla/5.0 (Windows NT 6.3; WOW64) AppleWebKit/537.36 (KHTML, like Gecko) Chrome/56.0.2924.87 Safari/537.36"
::1 - - [Thu, 06 Apr 2017 12:39:39 GMT] "GET /kindEditor/kindeditor-all-min.js HTTP/1.1" 304 - "http://localhost:3000/post" "Mozilla/5.0 (Windows NT 6.3; WOW64) AppleWebKit/537.36 (KHTML, like Gecko) Chrome/56.0.2924.87 Safari/537.36"
::1 - - [Thu, 06 Apr 2017 12:39:39 GMT] "GET /kindEditor/kindeditor-all.js HTTP/1.1" 304 - "http://localhost:3000/post" "Mozilla/5.0 (Windows NT 6.3; WOW64) AppleWebKit/537.36 (KHTML, like Gecko) Chrome/56.0.2924.87 Safari/537.36"
::1 - - [Thu, 06 Apr 2017 12:39:39 GMT] "GET /kindEditor/lang/zh_CN.js HTTP/1.1" 304 - "http://localhost:3000/post" "Mozilla/5.0 (Windows NT 6.3; WOW64) AppleWebKit/537.36 (KHTML, like Gecko) Chrome/56.0.2924.87 Safari/537.36"
::1 - - [Thu, 06 Apr 2017 12:42:03 GMT] "GET / HTTP/1.1" 200 1322 "-" "Mozilla/5.0 (Windows NT 6.3; WOW64) AppleWebKit/537.36 (KHTML, like Gecko) Chrome/56.0.2924.87 Safari/537.36"
::1 - - [Thu, 06 Apr 2017 12:42:03 GMT] "GET /stylesheets/style.css HTTP/1.1" 304 - "http://localhost:3000/" "Mozilla/5.0 (Windows NT 6.3; WOW64) AppleWebKit/537.36 (KHTML, like Gecko) Chrome/56.0.2924.87 Safari/537.36"
::1 - - [Thu, 06 Apr 2017 12:42:03 GMT] "GET /kindEditor/kindeditor-all-min.js HTTP/1.1" 304 - "http://localhost:3000/" "Mozilla/5.0 (Windows NT 6.3; WOW64) AppleWebKit/537.36 (KHTML, like Gecko) Chrome/56.0.2924.87 Safari/537.36"
::1 - - [Thu, 06 Apr 2017 12:42:03 GMT] "GET /kindEditor/kindeditor-all.js HTTP/1.1" 304 - "http://localhost:3000/" "Mozilla/5.0 (Windows NT 6.3; WOW64) AppleWebKit/537.36 (KHTML, like Gecko) Chrome/56.0.2924.87 Safari/537.36"
::1 - - [Thu, 06 Apr 2017 12:42:03 GMT] "GET /kindEditor/lang/zh_CN.js HTTP/1.1" 304 - "http://localhost:3000/" "Mozilla/5.0 (Windows NT 6.3; WOW64) AppleWebKit/537.36 (KHTML, like Gecko) Chrome/56.0.2924.87 Safari/537.36"
::1 - - [Thu, 06 Apr 2017 12:42:05 GMT] "GET /post HTTP/1.1" 304 - "http://localhost:3000/" "Mozilla/5.0 (Windows NT 6.3; WOW64) AppleWebKit/537.36 (KHTML, like Gecko) Chrome/56.0.2924.87 Safari/537.36"
::1 - - [Thu, 06 Apr 2017 12:42:05 GMT] "GET /stylesheets/style.css HTTP/1.1" 304 - "http://localhost:3000/post" "Mozilla/5.0 (Windows NT 6.3; WOW64) AppleWebKit/537.36 (KHTML, like Gecko) Chrome/56.0.2924.87 Safari/537.36"
::1 - - [Thu, 06 Apr 2017 12:42:05 GMT] "GET /kindEditor/kindeditor-all-min.js HTTP/1.1" 304 - "http://localhost:3000/post" "Mozilla/5.0 (Windows NT 6.3; WOW64) AppleWebKit/537.36 (KHTML, like Gecko) Chrome/56.0.2924.87 Safari/537.36"
::1 - - [Thu, 06 Apr 2017 12:42:05 GMT] "GET /kindEditor/kindeditor-all.js HTTP/1.1" 304 - "http://localhost:3000/post" "Mozilla/5.0 (Windows NT 6.3; WOW64) AppleWebKit/537.36 (KHTML, like Gecko) Chrome/56.0.2924.87 Safari/537.36"
::1 - - [Thu, 06 Apr 2017 12:42:05 GMT] "GET /kindEditor/lang/zh_CN.js HTTP/1.1" 304 - "http://localhost:3000/post" "Mozilla/5.0 (Windows NT 6.3; WOW64) AppleWebKit/537.36 (KHTML, like Gecko) Chrome/56.0.2924.87 Safari/537.36"
::1 - - [Thu, 06 Apr 2017 12:42:23 GMT] "GET /post HTTP/1.1" 200 1630 "http://localhost:3000/" "Mozilla/5.0 (Windows NT 6.3; WOW64) AppleWebKit/537.36 (KHTML, like Gecko) Chrome/56.0.2924.87 Safari/537.36"
::1 - - [Thu, 06 Apr 2017 12:42:23 GMT] "GET /stylesheets/style.css HTTP/1.1" 304 - "http://localhost:3000/post" "Mozilla/5.0 (Windows NT 6.3; WOW64) AppleWebKit/537.36 (KHTML, like Gecko) Chrome/56.0.2924.87 Safari/537.36"
::1 - - [Thu, 06 Apr 2017 12:42:23 GMT] "GET /kindEditor/kindeditor-all-min.js HTTP/1.1" 304 - "http://localhost:3000/post" "Mozilla/5.0 (Windows NT 6.3; WOW64) AppleWebKit/537.36 (KHTML, like Gecko) Chrome/56.0.2924.87 Safari/537.36"
::1 - - [Thu, 06 Apr 2017 12:42:23 GMT] "GET /kindEditor/kindeditor-all.js HTTP/1.1" 304 - "http://localhost:3000/post" "Mozilla/5.0 (Windows NT 6.3; WOW64) AppleWebKit/537.36 (KHTML, like Gecko) Chrome/56.0.2924.87 Safari/537.36"
::1 - - [Thu, 06 Apr 2017 12:42:23 GMT] "GET /kindEditor/lang/zh_CN.js HTTP/1.1" 304 - "http://localhost:3000/post" "Mozilla/5.0 (Windows NT 6.3; WOW64) AppleWebKit/537.36 (KHTML, like Gecko) Chrome/56.0.2924.87 Safari/537.36"
::1 - - [Thu, 06 Apr 2017 12:42:24 GMT] "GET /post HTTP/1.1" 304 - "http://localhost:3000/" "Mozilla/5.0 (Windows NT 6.3; WOW64) AppleWebKit/537.36 (KHTML, like Gecko) Chrome/56.0.2924.87 Safari/537.36"
::1 - - [Thu, 06 Apr 2017 12:42:24 GMT] "GET /stylesheets/style.css HTTP/1.1" 304 - "http://localhost:3000/post" "Mozilla/5.0 (Windows NT 6.3; WOW64) AppleWebKit/537.36 (KHTML, like Gecko) Chrome/56.0.2924.87 Safari/537.36"
::1 - - [Thu, 06 Apr 2017 12:42:24 GMT] "GET /kindEditor/kindeditor-all-min.js HTTP/1.1" 304 - "http://localhost:3000/post" "Mozilla/5.0 (Windows NT 6.3; WOW64) AppleWebKit/537.36 (KHTML, like Gecko) Chrome/56.0.2924.87 Safari/537.36"
::1 - - [Thu, 06 Apr 2017 12:42:24 GMT] "GET /kindEditor/kindeditor-all.js HTTP/1.1" 304 - "http://localhost:3000/post" "Mozilla/5.0 (Windows NT 6.3; WOW64) AppleWebKit/537.36 (KHTML, like Gecko) Chrome/56.0.2924.87 Safari/537.36"
::1 - - [Thu, 06 Apr 2017 12:42:24 GMT] "GET /kindEditor/lang/zh_CN.js HTTP/1.1" 304 - "http://localhost:3000/post" "Mozilla/5.0 (Windows NT 6.3; WOW64) AppleWebKit/537.36 (KHTML, like Gecko) Chrome/56.0.2924.87 Safari/537.36"
::1 - - [Thu, 06 Apr 2017 12:42:27 GMT] "GET /post HTTP/1.1" 304 - "http://localhost:3000/" "Mozilla/5.0 (Windows NT 6.3; WOW64) AppleWebKit/537.36 (KHTML, like Gecko) Chrome/56.0.2924.87 Safari/537.36"
::1 - - [Thu, 06 Apr 2017 12:42:27 GMT] "GET /stylesheets/style.css HTTP/1.1" 304 - "http://localhost:3000/post" "Mozilla/5.0 (Windows NT 6.3; WOW64) AppleWebKit/537.36 (KHTML, like Gecko) Chrome/56.0.2924.87 Safari/537.36"
::1 - - [Thu, 06 Apr 2017 12:42:27 GMT] "GET /kindEditor/kindeditor-all-min.js HTTP/1.1" 304 - "http://localhost:3000/post" "Mozilla/5.0 (Windows NT 6.3; WOW64) AppleWebKit/537.36 (KHTML, like Gecko) Chrome/56.0.2924.87 Safari/537.36"
::1 - - [Thu, 06 Apr 2017 12:42:27 GMT] "GET /kindEditor/kindeditor-all.js HTTP/1.1" 304 - "http://localhost:3000/post" "Mozilla/5.0 (Windows NT 6.3; WOW64) AppleWebKit/537.36 (KHTML, like Gecko) Chrome/56.0.2924.87 Safari/537.36"
::1 - - [Thu, 06 Apr 2017 12:42:27 GMT] "GET /kindEditor/lang/zh_CN.js HTTP/1.1" 304 - "http://localhost:3000/post" "Mozilla/5.0 (Windows NT 6.3; WOW64) AppleWebKit/537.36 (KHTML, like Gecko) Chrome/56.0.2924.87 Safari/537.36"
::1 - - [Thu, 06 Apr 2017 12:42:37 GMT] "GET /post HTTP/1.1" 200 1639 "http://localhost:3000/" "Mozilla/5.0 (Windows NT 6.3; WOW64) AppleWebKit/537.36 (KHTML, like Gecko) Chrome/56.0.2924.87 Safari/537.36"
::1 - - [Thu, 06 Apr 2017 12:42:37 GMT] "GET /stylesheets/style.css HTTP/1.1" 304 - "http://localhost:3000/post" "Mozilla/5.0 (Windows NT 6.3; WOW64) AppleWebKit/537.36 (KHTML, like Gecko) Chrome/56.0.2924.87 Safari/537.36"
::1 - - [Thu, 06 Apr 2017 12:42:37 GMT] "GET /kindEditor/kindeditor-all-min.js HTTP/1.1" 304 - "http://localhost:3000/post" "Mozilla/5.0 (Windows NT 6.3; WOW64) AppleWebKit/537.36 (KHTML, like Gecko) Chrome/56.0.2924.87 Safari/537.36"
::1 - - [Thu, 06 Apr 2017 12:42:37 GMT] "GET /kindEditor/kindeditor-all.js HTTP/1.1" 304 - "http://localhost:3000/post" "Mozilla/5.0 (Windows NT 6.3; WOW64) AppleWebKit/537.36 (KHTML, like Gecko) Chrome/56.0.2924.87 Safari/537.36"
::1 - - [Thu, 06 Apr 2017 12:42:37 GMT] "GET /kindEditor/lang/zh_CN.js HTTP/1.1" 304 - "http://localhost:3000/post" "Mozilla/5.0 (Windows NT 6.3; WOW64) AppleWebKit/537.36 (KHTML, like Gecko) Chrome/56.0.2924.87 Safari/537.36"
::1 - - [Thu, 06 Apr 2017 12:43:50 GMT] "GET /post HTTP/1.1" 200 1631 "http://localhost:3000/" "Mozilla/5.0 (Windows NT 6.3; WOW64) AppleWebKit/537.36 (KHTML, like Gecko) Chrome/56.0.2924.87 Safari/537.36"
::1 - - [Thu, 06 Apr 2017 12:43:50 GMT] "GET /stylesheets/style.css HTTP/1.1" 304 - "http://localhost:3000/post" "Mozilla/5.0 (Windows NT 6.3; WOW64) AppleWebKit/537.36 (KHTML, like Gecko) Chrome/56.0.2924.87 Safari/537.36"
::1 - - [Thu, 06 Apr 2017 12:43:50 GMT] "GET /kindEditor/kindeditor-all-min.js HTTP/1.1" 304 - "http://localhost:3000/post" "Mozilla/5.0 (Windows NT 6.3; WOW64) AppleWebKit/537.36 (KHTML, like Gecko) Chrome/56.0.2924.87 Safari/537.36"
::1 - - [Thu, 06 Apr 2017 12:43:50 GMT] "GET /kindEditor/kindeditor-all.js HTTP/1.1" 304 - "http://localhost:3000/post" "Mozilla/5.0 (Windows NT 6.3; WOW64) AppleWebKit/537.36 (KHTML, like Gecko) Chrome/56.0.2924.87 Safari/537.36"
::1 - - [Thu, 06 Apr 2017 12:43:50 GMT] "GET /kindEditor/lang/zh_CN.js HTTP/1.1" 304 - "http://localhost:3000/post" "Mozilla/5.0 (Windows NT 6.3; WOW64) AppleWebKit/537.36 (KHTML, like Gecko) Chrome/56.0.2924.87 Safari/537.36"
::1 - - [Thu, 06 Apr 2017 12:43:51 GMT] "GET /post HTTP/1.1" 304 - "http://localhost:3000/" "Mozilla/5.0 (Windows NT 6.3; WOW64) AppleWebKit/537.36 (KHTML, like Gecko) Chrome/56.0.2924.87 Safari/537.36"
::1 - - [Thu, 06 Apr 2017 12:43:51 GMT] "GET /stylesheets/style.css HTTP/1.1" 304 - "http://localhost:3000/post" "Mozilla/5.0 (Windows NT 6.3; WOW64) AppleWebKit/537.36 (KHTML, like Gecko) Chrome/56.0.2924.87 Safari/537.36"
::1 - - [Thu, 06 Apr 2017 12:43:51 GMT] "GET /kindEditor/kindeditor-all-min.js HTTP/1.1" 304 - "http://localhost:3000/post" "Mozilla/5.0 (Windows NT 6.3; WOW64) AppleWebKit/537.36 (KHTML, like Gecko) Chrome/56.0.2924.87 Safari/537.36"
::1 - - [Thu, 06 Apr 2017 12:43:51 GMT] "GET /kindEditor/kindeditor-all.js HTTP/1.1" 304 - "http://localhost:3000/post" "Mozilla/5.0 (Windows NT 6.3; WOW64) AppleWebKit/537.36 (KHTML, like Gecko) Chrome/56.0.2924.87 Safari/537.36"
::1 - - [Thu, 06 Apr 2017 12:43:51 GMT] "GET /kindEditor/lang/zh_CN.js HTTP/1.1" 304 - "http://localhost:3000/post" "Mozilla/5.0 (Windows NT 6.3; WOW64) AppleWebKit/537.36 (KHTML, like Gecko) Chrome/56.0.2924.87 Safari/537.36"
::1 - - [Thu, 06 Apr 2017 12:44:56 GMT] "GET /post HTTP/1.1" 200 1395 "http://localhost:3000/" "Mozilla/5.0 (Windows NT 6.3; WOW64) AppleWebKit/537.36 (KHTML, like Gecko) Chrome/56.0.2924.87 Safari/537.36"
::1 - - [Thu, 06 Apr 2017 12:44:56 GMT] "GET /stylesheets/style.css HTTP/1.1" 304 - "http://localhost:3000/post" "Mozilla/5.0 (Windows NT 6.3; WOW64) AppleWebKit/537.36 (KHTML, like Gecko) Chrome/56.0.2924.87 Safari/537.36"
::1 - - [Thu, 06 Apr 2017 12:44:57 GMT] "GET /kindEditor/kindeditor-all-min.js HTTP/1.1" 304 - "http://localhost:3000/post" "Mozilla/5.0 (Windows NT 6.3; WOW64) AppleWebKit/537.36 (KHTML, like Gecko) Chrome/56.0.2924.87 Safari/537.36"
::1 - - [Thu, 06 Apr 2017 12:44:57 GMT] "GET /kindEditor/kindeditor-all.js HTTP/1.1" 304 - "http://localhost:3000/post" "Mozilla/5.0 (Windows NT 6.3; WOW64) AppleWebKit/537.36 (KHTML, like Gecko) Chrome/56.0.2924.87 Safari/537.36"
::1 - - [Thu, 06 Apr 2017 12:44:57 GMT] "GET /kindEditor/lang/zh_CN.js HTTP/1.1" 304 - "http://localhost:3000/post" "Mozilla/5.0 (Windows NT 6.3; WOW64) AppleWebKit/537.36 (KHTML, like Gecko) Chrome/56.0.2924.87 Safari/537.36"
::1 - - [Thu, 06 Apr 2017 12:44:57 GMT] "GET /post HTTP/1.1" 304 - "http://localhost:3000/" "Mozilla/5.0 (Windows NT 6.3; WOW64) AppleWebKit/537.36 (KHTML, like Gecko) Chrome/56.0.2924.87 Safari/537.36"
::1 - - [Thu, 06 Apr 2017 12:44:57 GMT] "GET /stylesheets/style.css HTTP/1.1" 304 - "http://localhost:3000/post" "Mozilla/5.0 (Windows NT 6.3; WOW64) AppleWebKit/537.36 (KHTML, like Gecko) Chrome/56.0.2924.87 Safari/537.36"
::1 - - [Thu, 06 Apr 2017 12:44:57 GMT] "GET /kindEditor/kindeditor-all-min.js HTTP/1.1" 304 - "http://localhost:3000/post" "Mozilla/5.0 (Windows NT 6.3; WOW64) AppleWebKit/537.36 (KHTML, like Gecko) Chrome/56.0.2924.87 Safari/537.36"
::1 - - [Thu, 06 Apr 2017 12:44:57 GMT] "GET /kindEditor/kindeditor-all.js HTTP/1.1" 304 - "http://localhost:3000/post" "Mozilla/5.0 (Windows NT 6.3; WOW64) AppleWebKit/537.36 (KHTML, like Gecko) Chrome/56.0.2924.87 Safari/537.36"
::1 - - [Thu, 06 Apr 2017 12:44:57 GMT] "GET /kindEditor/lang/zh_CN.js HTTP/1.1" 304 - "http://localhost:3000/post" "Mozilla/5.0 (Windows NT 6.3; WOW64) AppleWebKit/537.36 (KHTML, like Gecko) Chrome/56.0.2924.87 Safari/537.36"
::1 - - [Thu, 06 Apr 2017 12:44:58 GMT] "GET /post HTTP/1.1" 304 - "http://localhost:3000/" "Mozilla/5.0 (Windows NT 6.3; WOW64) AppleWebKit/537.36 (KHTML, like Gecko) Chrome/56.0.2924.87 Safari/537.36"
::1 - - [Thu, 06 Apr 2017 12:44:58 GMT] "GET /stylesheets/style.css HTTP/1.1" 304 - "http://localhost:3000/post" "Mozilla/5.0 (Windows NT 6.3; WOW64) AppleWebKit/537.36 (KHTML, like Gecko) Chrome/56.0.2924.87 Safari/537.36"
::1 - - [Thu, 06 Apr 2017 12:44:58 GMT] "GET /kindEditor/kindeditor-all-min.js HTTP/1.1" 304 - "http://localhost:3000/post" "Mozilla/5.0 (Windows NT 6.3; WOW64) AppleWebKit/537.36 (KHTML, like Gecko) Chrome/56.0.2924.87 Safari/537.36"
::1 - - [Thu, 06 Apr 2017 12:44:58 GMT] "GET /kindEditor/kindeditor-all.js HTTP/1.1" 304 - "http://localhost:3000/post" "Mozilla/5.0 (Windows NT 6.3; WOW64) AppleWebKit/537.36 (KHTML, like Gecko) Chrome/56.0.2924.87 Safari/537.36"
::1 - - [Thu, 06 Apr 2017 12:44:58 GMT] "GET /kindEditor/lang/zh_CN.js HTTP/1.1" 304 - "http://localhost:3000/post" "Mozilla/5.0 (Windows NT 6.3; WOW64) AppleWebKit/537.36 (KHTML, like Gecko) Chrome/56.0.2924.87 Safari/537.36"
::1 - - [Thu, 06 Apr 2017 12:44:59 GMT] "GET /post HTTP/1.1" 304 - "http://localhost:3000/" "Mozilla/5.0 (Windows NT 6.3; WOW64) AppleWebKit/537.36 (KHTML, like Gecko) Chrome/56.0.2924.87 Safari/537.36"
::1 - - [Thu, 06 Apr 2017 12:44:59 GMT] "GET /stylesheets/style.css HTTP/1.1" 304 - "http://localhost:3000/post" "Mozilla/5.0 (Windows NT 6.3; WOW64) AppleWebKit/537.36 (KHTML, like Gecko) Chrome/56.0.2924.87 Safari/537.36"
::1 - - [Thu, 06 Apr 2017 12:44:59 GMT] "GET /kindEditor/kindeditor-all-min.js HTTP/1.1" 304 - "http://localhost:3000/post" "Mozilla/5.0 (Windows NT 6.3; WOW64) AppleWebKit/537.36 (KHTML, like Gecko) Chrome/56.0.2924.87 Safari/537.36"
::1 - - [Thu, 06 Apr 2017 12:44:59 GMT] "GET /kindEditor/kindeditor-all.js HTTP/1.1" 304 - "http://localhost:3000/post" "Mozilla/5.0 (Windows NT 6.3; WOW64) AppleWebKit/537.36 (KHTML, like Gecko) Chrome/56.0.2924.87 Safari/537.36"
::1 - - [Thu, 06 Apr 2017 12:44:59 GMT] "GET /kindEditor/lang/zh_CN.js HTTP/1.1" 304 - "http://localhost:3000/post" "Mozilla/5.0 (Windows NT 6.3; WOW64) AppleWebKit/537.36 (KHTML, like Gecko) Chrome/56.0.2924.87 Safari/537.36"
::1 - - [Thu, 06 Apr 2017 12:52:25 GMT] "GET /post HTTP/1.1" 200 1631 "http://localhost:3000/" "Mozilla/5.0 (Windows NT 6.3; WOW64) AppleWebKit/537.36 (KHTML, like Gecko) Chrome/56.0.2924.87 Safari/537.36"
::1 - - [Thu, 06 Apr 2017 12:52:26 GMT] "GET /stylesheets/style.css HTTP/1.1" 304 - "http://localhost:3000/post" "Mozilla/5.0 (Windows NT 6.3; WOW64) AppleWebKit/537.36 (KHTML, like Gecko) Chrome/56.0.2924.87 Safari/537.36"
::1 - - [Thu, 06 Apr 2017 12:52:26 GMT] "GET /kindEditor/kindeditor-all-min.js HTTP/1.1" 304 - "http://localhost:3000/post" "Mozilla/5.0 (Windows NT 6.3; WOW64) AppleWebKit/537.36 (KHTML, like Gecko) Chrome/56.0.2924.87 Safari/537.36"
::1 - - [Thu, 06 Apr 2017 12:52:26 GMT] "GET /kindEditor/kindeditor-all.js HTTP/1.1" 304 - "http://localhost:3000/post" "Mozilla/5.0 (Windows NT 6.3; WOW64) AppleWebKit/537.36 (KHTML, like Gecko) Chrome/56.0.2924.87 Safari/537.36"
::1 - - [Thu, 06 Apr 2017 12:52:26 GMT] "GET /kindEditor/lang/zh-CN.js HTTP/1.1" 200 8528 "http://localhost:3000/post" "Mozilla/5.0 (Windows NT 6.3; WOW64) AppleWebKit/537.36 (KHTML, like Gecko) Chrome/56.0.2924.87 Safari/537.36"
::1 - - [Thu, 06 Apr 2017 12:52:35 GMT] "GET /stylesheets/style.css HTTP/1.1" 304 - "http://localhost:3000/post" "Mozilla/5.0 (Windows NT 6.3; WOW64) AppleWebKit/537.36 (KHTML, like Gecko) Chrome/56.0.2924.87 Safari/537.36"
::1 - - [Thu, 06 Apr 2017 12:54:20 GMT] "GET /post HTTP/1.1" 200 1631 "http://localhost:3000/" "Mozilla/5.0 (Windows NT 6.3; WOW64) AppleWebKit/537.36 (KHTML, like Gecko) Chrome/56.0.2924.87 Safari/537.36"
::1 - - [Thu, 06 Apr 2017 12:54:20 GMT] "GET /stylesheets/style.css HTTP/1.1" 304 - "http://localhost:3000/post" "Mozilla/5.0 (Windows NT 6.3; WOW64) AppleWebKit/537.36 (KHTML, like Gecko) Chrome/56.0.2924.87 Safari/537.36"
::1 - - [Thu, 06 Apr 2017 12:54:20 GMT] "GET /kindEditor/kindeditor-all.js HTTP/1.1" 304 - "http://localhost:3000/post" "Mozilla/5.0 (Windows NT 6.3; WOW64) AppleWebKit/537.36 (KHTML, like Gecko) Chrome/56.0.2924.87 Safari/537.36"
::1 - - [Thu, 06 Apr 2017 12:54:20 GMT] "GET /kindEditor/kindeditor-all-min.js HTTP/1.1" 304 - "http://localhost:3000/post" "Mozilla/5.0 (Windows NT 6.3; WOW64) AppleWebKit/537.36 (KHTML, like Gecko) Chrome/56.0.2924.87 Safari/537.36"
::1 - - [Thu, 06 Apr 2017 12:54:20 GMT] "GET /kindEditor/lang/zh-CN.js HTTP/1.1" 304 - "http://localhost:3000/post" "Mozilla/5.0 (Windows NT 6.3; WOW64) AppleWebKit/537.36 (KHTML, like Gecko) Chrome/56.0.2924.87 Safari/537.36"
::1 - - [Thu, 06 Apr 2017 12:54:20 GMT] "GET /kindEditor/themes/default/default.css HTTP/1.1" 200 20773 "http://localhost:3000/post" "Mozilla/5.0 (Windows NT 6.3; WOW64) AppleWebKit/537.36 (KHTML, like Gecko) Chrome/56.0.2924.87 Safari/537.36"
::1 - - [Thu, 06 Apr 2017 12:54:21 GMT] "GET /kindEditor/themes/default/default.png HTTP/1.1" 200 8299 "http://localhost:3000/kindEditor/themes/default/default.css" "Mozilla/5.0 (Windows NT 6.3; WOW64) AppleWebKit/537.36 (KHTML, like Gecko) Chrome/56.0.2924.87 Safari/537.36"
::1 - - [Thu, 06 Apr 2017 12:55:30 GMT] "GET /kindEditor/plugins/emoticons/images/0.gif HTTP/1.1" 200 1810 "http://localhost:3000/post" "Mozilla/5.0 (Windows NT 6.3; WOW64) AppleWebKit/537.36 (KHTML, like Gecko) Chrome/56.0.2924.87 Safari/537.36"
::1 - - [Thu, 06 Apr 2017 12:55:30 GMT] "GET /kindEditor/plugins/emoticons/images/static.gif HTTP/1.1" 200 35504 "http://localhost:3000/post" "Mozilla/5.0 (Windows NT 6.3; WOW64) AppleWebKit/537.36 (KHTML, like Gecko) Chrome/56.0.2924.87 Safari/537.36"
::1 - - [Thu, 06 Apr 2017 12:55:31 GMT] "GET /kindEditor/plugins/emoticons/images/0.gif HTTP/1.1" 304 - "http://localhost:3000/post" "Mozilla/5.0 (Windows NT 6.3; WOW64) AppleWebKit/537.36 (KHTML, like Gecko) Chrome/56.0.2924.87 Safari/537.36"
::1 - - [Thu, 06 Apr 2017 12:55:34 GMT] "GET /kindEditor/plugins/emoticons/images/1.gif HTTP/1.1" 200 1582 "http://localhost:3000/post" "Mozilla/5.0 (Windows NT 6.3; WOW64) AppleWebKit/537.36 (KHTML, like Gecko) Chrome/56.0.2924.87 Safari/537.36"
::1 - - [Thu, 06 Apr 2017 12:55:34 GMT] "GET /kindEditor/plugins/emoticons/images/2.gif HTTP/1.1" 200 1804 "http://localhost:3000/post" "Mozilla/5.0 (Windows NT 6.3; WOW64) AppleWebKit/537.36 (KHTML, like Gecko) Chrome/56.0.2924.87 Safari/537.36"
::1 - - [Thu, 06 Apr 2017 12:55:35 GMT] "GET /kindEditor/plugins/emoticons/images/2.gif HTTP/1.1" 304 - "http://localhost:3000/post" "Mozilla/5.0 (Windows NT 6.3; WOW64) AppleWebKit/537.36 (KHTML, like Gecko) Chrome/56.0.2924.87 Safari/537.36"
::1 - - [Thu, 06 Apr 2017 12:55:36 GMT] "GET /kindEditor/plugins/emoticons/images/10.gif HTTP/1.1" 200 3716 "http://localhost:3000/post" "Mozilla/5.0 (Windows NT 6.3; WOW64) AppleWebKit/537.36 (KHTML, like Gecko) Chrome/56.0.2924.87 Safari/537.36"
::1 - - [Thu, 06 Apr 2017 12:55:36 GMT] "GET /kindEditor/plugins/emoticons/images/12.gif HTTP/1.1" 200 2247 "http://localhost:3000/post" "Mozilla/5.0 (Windows NT 6.3; WOW64) AppleWebKit/537.36 (KHTML, like Gecko) Chrome/56.0.2924.87 Safari/537.36"
::1 - - [Thu, 06 Apr 2017 12:55:37 GMT] "GET /kindEditor/plugins/emoticons/images/22.gif HTTP/1.1" 200 3010 "http://localhost:3000/post" "Mozilla/5.0 (Windows NT 6.3; WOW64) AppleWebKit/537.36 (KHTML, like Gecko) Chrome/56.0.2924.87 Safari/537.36"
::1 - - [Thu, 06 Apr 2017 12:55:37 GMT] "GET /kindEditor/plugins/emoticons/images/31.gif HTTP/1.1" 200 5174 "http://localhost:3000/post" "Mozilla/5.0 (Windows NT 6.3; WOW64) AppleWebKit/537.36 (KHTML, like Gecko) Chrome/56.0.2924.87 Safari/537.36"
::1 - - [Thu, 06 Apr 2017 12:55:37 GMT] "GET /kindEditor/plugins/emoticons/images/32.gif HTTP/1.1" 200 7189 "http://localhost:3000/post" "Mozilla/5.0 (Windows NT 6.3; WOW64) AppleWebKit/537.36 (KHTML, like Gecko) Chrome/56.0.2924.87 Safari/537.36"
::1 - - [Thu, 06 Apr 2017 12:55:37 GMT] "GET /kindEditor/plugins/emoticons/images/41.gif HTTP/1.1" 200 3368 "http://localhost:3000/post" "Mozilla/5.0 (Windows NT 6.3; WOW64) AppleWebKit/537.36 (KHTML, like Gecko) Chrome/56.0.2924.87 Safari/537.36"
::1 - - [Thu, 06 Apr 2017 12:55:37 GMT] "GET /kindEditor/plugins/emoticons/images/42.gif HTTP/1.1" 200 13367 "http://localhost:3000/post" "Mozilla/5.0 (Windows NT 6.3; WOW64) AppleWebKit/537.36 (KHTML, like Gecko) Chrome/56.0.2924.87 Safari/537.36"
::1 - - [Thu, 06 Apr 2017 12:55:42 GMT] "GET /kindEditor/plugins/emoticons/images/133.gif HTTP/1.1" - 1012 "http://localhost:3000/post" "Mozilla/5.0 (Windows NT 6.3; WOW64) AppleWebKit/537.36 (KHTML, like Gecko) Chrome/56.0.2924.87 Safari/537.36"
::1 - - [Thu, 06 Apr 2017 12:55:42 GMT] "GET /kindEditor/plugins/emoticons/images/124.gif HTTP/1.1" 200 1022 "http://localhost:3000/post" "Mozilla/5.0 (Windows NT 6.3; WOW64) AppleWebKit/537.36 (KHTML, like Gecko) Chrome/56.0.2924.87 Safari/537.36"
::1 - - [Thu, 06 Apr 2017 12:55:42 GMT] "GET /kindEditor/plugins/emoticons/images/115.gif HTTP/1.1" 200 1061 "http://localhost:3000/post" "Mozilla/5.0 (Windows NT 6.3; WOW64) AppleWebKit/537.36 (KHTML, like Gecko) Chrome/56.0.2924.87 Safari/537.36"
::1 - - [Thu, 06 Apr 2017 12:55:43 GMT] "GET /kindEditor/plugins/emoticons/images/115.gif HTTP/1.1" 304 - "http://localhost:3000/post" "Mozilla/5.0 (Windows NT 6.3; WOW64) AppleWebKit/537.36 (KHTML, like Gecko) Chrome/56.0.2924.87 Safari/537.36"
::1 - - [Thu, 06 Apr 2017 12:55:52 GMT] "GET /kindEditor/themes/default/background.png HTTP/1.1" 200 1410 "http://localhost:3000/kindEditor/themes/default/default.css" "Mozilla/5.0 (Windows NT 6.3; WOW64) AppleWebKit/537.36 (KHTML, like Gecko) Chrome/56.0.2924.87 Safari/537.36"
::1 - - [Thu, 06 Apr 2017 12:55:56 GMT] "GET /kindEditor/plugins/image/images/align_top.gif HTTP/1.1" 200 625 "http://localhost:3000/post" "Mozilla/5.0 (Windows NT 6.3; WOW64) AppleWebKit/537.36 (KHTML, like Gecko) Chrome/56.0.2924.87 Safari/537.36"
::1 - - [Thu, 06 Apr 2017 12:55:56 GMT] "GET /kindEditor/plugins/image/images/align_left.gif HTTP/1.1" 200 639 "http://localhost:3000/post" "Mozilla/5.0 (Windows NT 6.3; WOW64) AppleWebKit/537.36 (KHTML, like Gecko) Chrome/56.0.2924.87 Safari/537.36"
::1 - - [Thu, 06 Apr 2017 12:55:56 GMT] "GET /kindEditor/plugins/image/images/align_right.gif HTTP/1.1" 200 636 "http://localhost:3000/post" "Mozilla/5.0 (Windows NT 6.3; WOW64) AppleWebKit/537.36 (KHTML, like Gecko) Chrome/56.0.2924.87 Safari/537.36"
::1 - - [Thu, 06 Apr 2017 12:55:56 GMT] "GET /kindEditor/plugins/image/images/refresh.png HTTP/1.1" 200 800 "http://localhost:3000/post" "Mozilla/5.0 (Windows NT 6.3; WOW64) AppleWebKit/537.36 (KHTML, like Gecko) Chrome/56.0.2924.87 Safari/537.36"
::1 - - [Thu, 06 Apr 2017 12:56:32 GMT] "POST /post HTTP/1.1" 302 46 "http://localhost:3000/post" "Mozilla/5.0 (Windows NT 6.3; WOW64) AppleWebKit/537.36 (KHTML, like Gecko) Chrome/56.0.2924.87 Safari/537.36"
::1 - - [Thu, 06 Apr 2017 12:56:32 GMT] "GET / HTTP/1.1" 200 2030 "http://localhost:3000/post" "Mozilla/5.0 (Windows NT 6.3; WOW64) AppleWebKit/537.36 (KHTML, like Gecko) Chrome/56.0.2924.87 Safari/537.36"
::1 - - [Thu, 06 Apr 2017 12:56:32 GMT] "GET /stylesheets/style.css HTTP/1.1" 304 - "http://localhost:3000/" "Mozilla/5.0 (Windows NT 6.3; WOW64) AppleWebKit/537.36 (KHTML, like Gecko) Chrome/56.0.2924.87 Safari/537.36"
::1 - - [Thu, 06 Apr 2017 12:56:32 GMT] "GET /kindEditor/kindeditor-all-min.js HTTP/1.1" 304 - "http://localhost:3000/" "Mozilla/5.0 (Windows NT 6.3; WOW64) AppleWebKit/537.36 (KHTML, like Gecko) Chrome/56.0.2924.87 Safari/537.36"
::1 - - [Thu, 06 Apr 2017 12:56:32 GMT] "GET /kindEditor/kindeditor-all.js HTTP/1.1" 304 - "http://localhost:3000/" "Mozilla/5.0 (Windows NT 6.3; WOW64) AppleWebKit/537.36 (KHTML, like Gecko) Chrome/56.0.2924.87 Safari/537.36"
::1 - - [Thu, 06 Apr 2017 12:56:32 GMT] "GET /kindEditor/lang/zh-CN.js HTTP/1.1" 304 - "http://localhost:3000/" "Mozilla/5.0 (Windows NT 6.3; WOW64) AppleWebKit/537.36 (KHTML, like Gecko) Chrome/56.0.2924.87 Safari/537.36"
::1 - - [Thu, 06 Apr 2017 12:56:32 GMT] "GET /kindEditor/plugins/emoticons/images/0.gif HTTP/1.1" 304 - "http://localhost:3000/" "Mozilla/5.0 (Windows NT 6.3; WOW64) AppleWebKit/537.36 (KHTML, like Gecko) Chrome/56.0.2924.87 Safari/537.36"
::1 - - [Thu, 06 Apr 2017 12:56:32 GMT] "GET /kindEditor/plugins/emoticons/images/2.gif HTTP/1.1" 304 - "http://localhost:3000/" "Mozilla/5.0 (Windows NT 6.3; WOW64) AppleWebKit/537.36 (KHTML, like Gecko) Chrome/56.0.2924.87 Safari/537.36"
::1 - - [Thu, 06 Apr 2017 12:56:32 GMT] "GET /kindEditor/plugins/emoticons/images/115.gif HTTP/1.1" 304 - "http://localhost:3000/" "Mozilla/5.0 (Windows NT 6.3; WOW64) AppleWebKit/537.36 (KHTML, like Gecko) Chrome/56.0.2924.87 Safari/537.36"
::1 - - [Thu, 06 Apr 2017 12:56:32 GMT] "GET /kindEditor/themes/default/default.css HTTP/1.1" 304 - "http://localhost:3000/" "Mozilla/5.0 (Windows NT 6.3; WOW64) AppleWebKit/537.36 (KHTML, like Gecko) Chrome/56.0.2924.87 Safari/537.36"
::1 - - [Thu, 06 Apr 2017 12:56:59 GMT] "GET /u/likun/2017-4-6/222 HTTP/1.1" 200 2436 "http://localhost:3000/" "Mozilla/5.0 (Windows NT 6.3; WOW64) AppleWebKit/537.36 (KHTML, like Gecko) Chrome/56.0.2924.87 Safari/537.36"
::1 - - [Thu, 06 Apr 2017 12:56:59 GMT] "GET /stylesheets/style.css HTTP/1.1" 304 - "http://localhost:3000/u/likun/2017-4-6/222" "Mozilla/5.0 (Windows NT 6.3; WOW64) AppleWebKit/537.36 (KHTML, like Gecko) Chrome/56.0.2924.87 Safari/537.36"
::1 - - [Thu, 06 Apr 2017 12:56:59 GMT] "GET /kindEditor/kindeditor-all-min.js HTTP/1.1" 304 - "http://localhost:3000/u/likun/2017-4-6/222" "Mozilla/5.0 (Windows NT 6.3; WOW64) AppleWebKit/537.36 (KHTML, like Gecko) Chrome/56.0.2924.87 Safari/537.36"
::1 - - [Thu, 06 Apr 2017 12:56:59 GMT] "GET /kindEditor/kindeditor-all.js HTTP/1.1" 304 - "http://localhost:3000/u/likun/2017-4-6/222" "Mozilla/5.0 (Windows NT 6.3; WOW64) AppleWebKit/537.36 (KHTML, like Gecko) Chrome/56.0.2924.87 Safari/537.36"
::1 - - [Thu, 06 Apr 2017 12:56:59 GMT] "GET /kindEditor/lang/zh-CN.js HTTP/1.1" 304 - "http://localhost:3000/u/likun/2017-4-6/222" "Mozilla/5.0 (Windows NT 6.3; WOW64) AppleWebKit/537.36 (KHTML, like Gecko) Chrome/56.0.2924.87 Safari/537.36"
::1 - - [Thu, 06 Apr 2017 12:56:59 GMT] "GET /kindEditor/plugins/emoticons/images/0.gif HTTP/1.1" 304 - "http://localhost:3000/u/likun/2017-4-6/222" "Mozilla/5.0 (Windows NT 6.3; WOW64) AppleWebKit/537.36 (KHTML, like Gecko) Chrome/56.0.2924.87 Safari/537.36"
::1 - - [Thu, 06 Apr 2017 12:56:59 GMT] "GET /kindEditor/plugins/emoticons/images/2.gif HTTP/1.1" 304 - "http://localhost:3000/u/likun/2017-4-6/222" "Mozilla/5.0 (Windows NT 6.3; WOW64) AppleWebKit/537.36 (KHTML, like Gecko) Chrome/56.0.2924.87 Safari/537.36"
::1 - - [Thu, 06 Apr 2017 12:56:59 GMT] "GET /kindEditor/plugins/emoticons/images/115.gif HTTP/1.1" 304 - "http://localhost:3000/u/likun/2017-4-6/222" "Mozilla/5.0 (Windows NT 6.3; WOW64) AppleWebKit/537.36 (KHTML, like Gecko) Chrome/56.0.2924.87 Safari/537.36"
::1 - - [Thu, 06 Apr 2017 12:56:59 GMT] "GET /kindEditor/themes/default/default.css HTTP/1.1" 304 - "http://localhost:3000/u/likun/2017-4-6/222" "Mozilla/5.0 (Windows NT 6.3; WOW64) AppleWebKit/537.36 (KHTML, like Gecko) Chrome/56.0.2924.87 Safari/537.36"
::1 - - [Thu, 06 Apr 2017 12:56:59 GMT] "GET /kindEditor/themes/default/default.png HTTP/1.1" 304 - "http://localhost:3000/kindEditor/themes/default/default.css" "Mozilla/5.0 (Windows NT 6.3; WOW64) AppleWebKit/537.36 (KHTML, like Gecko) Chrome/56.0.2924.87 Safari/537.36"
::1 - - [Thu, 06 Apr 2017 12:58:05 GMT] "GET /edit/likun/2017-4-6/222 HTTP/1.1" 200 2128 "http://localhost:3000/u/likun/2017-4-6/222" "Mozilla/5.0 (Windows NT 6.3; WOW64) AppleWebKit/537.36 (KHTML, like Gecko) Chrome/56.0.2924.87 Safari/537.36"
::1 - - [Thu, 06 Apr 2017 12:58:05 GMT] "GET /stylesheets/style.css HTTP/1.1" 304 - "http://localhost:3000/edit/likun/2017-4-6/222" "Mozilla/5.0 (Windows NT 6.3; WOW64) AppleWebKit/537.36 (KHTML, like Gecko) Chrome/56.0.2924.87 Safari/537.36"
::1 - - [Thu, 06 Apr 2017 12:58:05 GMT] "GET /kindEditor/kindeditor-all-min.js HTTP/1.1" 304 - "http://localhost:3000/edit/likun/2017-4-6/222" "Mozilla/5.0 (Windows NT 6.3; WOW64) AppleWebKit/537.36 (KHTML, like Gecko) Chrome/56.0.2924.87 Safari/537.36"
::1 - - [Thu, 06 Apr 2017 12:58:05 GMT] "GET /kindEditor/kindeditor-all.js HTTP/1.1" 304 - "http://localhost:3000/edit/likun/2017-4-6/222" "Mozilla/5.0 (Windows NT 6.3; WOW64) AppleWebKit/537.36 (KHTML, like Gecko) Chrome/56.0.2924.87 Safari/537.36"
::1 - - [Thu, 06 Apr 2017 12:58:05 GMT] "GET /kindEditor/lang/zh-CN.js HTTP/1.1" 304 - "http://localhost:3000/edit/likun/2017-4-6/222" "Mozilla/5.0 (Windows NT 6.3; WOW64) AppleWebKit/537.36 (KHTML, like Gecko) Chrome/56.0.2924.87 Safari/537.36"
::1 - - [Thu, 06 Apr 2017 12:58:05 GMT] "GET /kindEditor/themes/default/default.css HTTP/1.1" 304 - "http://localhost:3000/edit/likun/2017-4-6/222" "Mozilla/5.0 (Windows NT 6.3; WOW64) AppleWebKit/537.36 (KHTML, like Gecko) Chrome/56.0.2924.87 Safari/537.36"
::1 - - [Thu, 06 Apr 2017 12:58:05 GMT] "GET /kindEditor/plugins/emoticons/images/0.gif HTTP/1.1" 304 - "http://localhost:3000/edit/likun/2017-4-6/222" "Mozilla/5.0 (Windows NT 6.3; WOW64) AppleWebKit/537.36 (KHTML, like Gecko) Chrome/56.0.2924.87 Safari/537.36"
::1 - - [Thu, 06 Apr 2017 12:58:05 GMT] "GET /kindEditor/plugins/emoticons/images/2.gif HTTP/1.1" 304 - "http://localhost:3000/edit/likun/2017-4-6/222" "Mozilla/5.0 (Windows NT 6.3; WOW64) AppleWebKit/537.36 (KHTML, like Gecko) Chrome/56.0.2924.87 Safari/537.36"
::1 - - [Thu, 06 Apr 2017 12:58:05 GMT] "GET /kindEditor/plugins/emoticons/images/115.gif HTTP/1.1" 304 - "http://localhost:3000/edit/likun/2017-4-6/222" "Mozilla/5.0 (Windows NT 6.3; WOW64) AppleWebKit/537.36 (KHTML, like Gecko) Chrome/56.0.2924.87 Safari/537.36"
::1 - - [Thu, 06 Apr 2017 12:58:05 GMT] "GET /kindEditor/themes/default/default.png HTTP/1.1" 304 - "http://localhost:3000/kindEditor/themes/default/default.css" "Mozilla/5.0 (Windows NT 6.3; WOW64) AppleWebKit/537.36 (KHTML, like Gecko) Chrome/56.0.2924.87 Safari/537.36"
::1 - - [Thu, 06 Apr 2017 12:58:49 GMT] "GET / HTTP/1.1" 200 2002 "http://localhost:3000/edit/likun/2017-4-6/222" "Mozilla/5.0 (Windows NT 6.3; WOW64) AppleWebKit/537.36 (KHTML, like Gecko) Chrome/56.0.2924.87 Safari/537.36"
::1 - - [Thu, 06 Apr 2017 12:58:49 GMT] "GET /kindEditor/kindeditor-all-min.js HTTP/1.1" 304 - "http://localhost:3000/" "Mozilla/5.0 (Windows NT 6.3; WOW64) AppleWebKit/537.36 (KHTML, like Gecko) Chrome/56.0.2924.87 Safari/537.36"
::1 - - [Thu, 06 Apr 2017 12:58:49 GMT] "GET /kindEditor/kindeditor-all.js HTTP/1.1" 304 - "http://localhost:3000/" "Mozilla/5.0 (Windows NT 6.3; WOW64) AppleWebKit/537.36 (KHTML, like Gecko) Chrome/56.0.2924.87 Safari/537.36"
::1 - - [Thu, 06 Apr 2017 12:58:49 GMT] "GET /kindEditor/lang/zh-CN.js HTTP/1.1" 304 - "http://localhost:3000/" "Mozilla/5.0 (Windows NT 6.3; WOW64) AppleWebKit/537.36 (KHTML, like Gecko) Chrome/56.0.2924.87 Safari/537.36"
::1 - - [Thu, 06 Apr 2017 12:58:49 GMT] "GET /stylesheets/style.css HTTP/1.1" 200 1941 "http://localhost:3000/" "Mozilla/5.0 (Windows NT 6.3; WOW64) AppleWebKit/537.36 (KHTML, like Gecko) Chrome/56.0.2924.87 Safari/537.36"
::1 - - [Thu, 06 Apr 2017 12:58:49 GMT] "GET /kindEditor/plugins/emoticons/images/0.gif HTTP/1.1" 304 - "http://localhost:3000/" "Mozilla/5.0 (Windows NT 6.3; WOW64) AppleWebKit/537.36 (KHTML, like Gecko) Chrome/56.0.2924.87 Safari/537.36"
::1 - - [Thu, 06 Apr 2017 12:58:49 GMT] "GET /kindEditor/plugins/emoticons/images/2.gif HTTP/1.1" 304 - "http://localhost:3000/" "Mozilla/5.0 (Windows NT 6.3; WOW64) AppleWebKit/537.36 (KHTML, like Gecko) Chrome/56.0.2924.87 Safari/537.36"
::1 - - [Thu, 06 Apr 2017 12:58:49 GMT] "GET /kindEditor/plugins/emoticons/images/115.gif HTTP/1.1" 304 - "http://localhost:3000/" "Mozilla/5.0 (Windows NT 6.3; WOW64) AppleWebKit/537.36 (KHTML, like Gecko) Chrome/56.0.2924.87 Safari/537.36"
::1 - - [Thu, 06 Apr 2017 12:58:49 GMT] "GET /kindEditor/themes/default/default.css HTTP/1.1" 304 - "http://localhost:3000/" "Mozilla/5.0 (Windows NT 6.3; WOW64) AppleWebKit/537.36 (KHTML, like Gecko) Chrome/56.0.2924.87 Safari/537.36"
::1 - - [Thu, 06 Apr 2017 13:00:10 GMT] "GET /post HTTP/1.1" 200 1645 "http://localhost:3000/" "Mozilla/5.0 (Windows NT 6.3; WOW64) AppleWebKit/537.36 (KHTML, like Gecko) Chrome/56.0.2924.87 Safari/537.36"
::1 - - [Thu, 06 Apr 2017 13:00:10 GMT] "GET /stylesheets/style.css HTTP/1.1" 304 - "http://localhost:3000/post" "Mozilla/5.0 (Windows NT 6.3; WOW64) AppleWebKit/537.36 (KHTML, like Gecko) Chrome/56.0.2924.87 Safari/537.36"
::1 - - [Thu, 06 Apr 2017 13:00:10 GMT] "GET /kindEditor/kindeditor-all-min.js HTTP/1.1" 304 - "http://localhost:3000/post" "Mozilla/5.0 (Windows NT 6.3; WOW64) AppleWebKit/537.36 (KHTML, like Gecko) Chrome/56.0.2924.87 Safari/537.36"
::1 - - [Thu, 06 Apr 2017 13:00:10 GMT] "GET /kindEditor/kindeditor-all.js HTTP/1.1" 304 - "http://localhost:3000/post" "Mozilla/5.0 (Windows NT 6.3; WOW64) AppleWebKit/537.36 (KHTML, like Gecko) Chrome/56.0.2924.87 Safari/537.36"
::1 - - [Thu, 06 Apr 2017 13:00:10 GMT] "GET /kindEditor/lang/zh-CN.js HTTP/1.1" 304 - "http://localhost:3000/post" "Mozilla/5.0 (Windows NT 6.3; WOW64) AppleWebKit/537.36 (KHTML, like Gecko) Chrome/56.0.2924.87 Safari/537.36"
::1 - - [Thu, 06 Apr 2017 13:00:10 GMT] "GET /kindEditor/themes/default/default.css HTTP/1.1" 304 - "http://localhost:3000/post" "Mozilla/5.0 (Windows NT 6.3; WOW64) AppleWebKit/537.36 (KHTML, like Gecko) Chrome/56.0.2924.87 Safari/537.36"
::1 - - [Thu, 06 Apr 2017 13:00:10 GMT] "GET /kindEditor/themes/default/default.png HTTP/1.1" 304 - "http://localhost:3000/kindEditor/themes/default/default.css" "Mozilla/5.0 (Windows NT 6.3; WOW64) AppleWebKit/537.36 (KHTML, like Gecko) Chrome/56.0.2924.87 Safari/537.36"
::1 - - [Thu, 06 Apr 2017 13:00:33 GMT] "GET /post HTTP/1.1" 200 1658 "http://localhost:3000/" "Mozilla/5.0 (Windows NT 6.3; WOW64) AppleWebKit/537.36 (KHTML, like Gecko) Chrome/56.0.2924.87 Safari/537.36"
::1 - - [Thu, 06 Apr 2017 13:00:33 GMT] "GET /stylesheets/style.css HTTP/1.1" 304 - "http://localhost:3000/post" "Mozilla/5.0 (Windows NT 6.3; WOW64) AppleWebKit/537.36 (KHTML, like Gecko) Chrome/56.0.2924.87 Safari/537.36"
::1 - - [Thu, 06 Apr 2017 13:00:33 GMT] "GET /kindEditor/kindeditor-all-min.js HTTP/1.1" 304 - "http://localhost:3000/post" "Mozilla/5.0 (Windows NT 6.3; WOW64) AppleWebKit/537.36 (KHTML, like Gecko) Chrome/56.0.2924.87 Safari/537.36"
::1 - - [Thu, 06 Apr 2017 13:00:33 GMT] "GET /kindEditor/kindeditor-all.js HTTP/1.1" 304 - "http://localhost:3000/post" "Mozilla/5.0 (Windows NT 6.3; WOW64) AppleWebKit/537.36 (KHTML, like Gecko) Chrome/56.0.2924.87 Safari/537.36"
::1 - - [Thu, 06 Apr 2017 13:00:33 GMT] "GET /kindEditor/lang/zh-CN.js HTTP/1.1" 304 - "http://localhost:3000/post" "Mozilla/5.0 (Windows NT 6.3; WOW64) AppleWebKit/537.36 (KHTML, like Gecko) Chrome/56.0.2924.87 Safari/537.36"
::1 - - [Thu, 06 Apr 2017 13:00:33 GMT] "GET /kindEditor/themes/default/default.css HTTP/1.1" 304 - "http://localhost:3000/post" "Mozilla/5.0 (Windows NT 6.3; WOW64) AppleWebKit/537.36 (KHTML, like Gecko) Chrome/56.0.2924.87 Safari/537.36"
::1 - - [Thu, 06 Apr 2017 13:00:33 GMT] "GET /kindEditor/themes/default/default.png HTTP/1.1" 304 - "http://localhost:3000/kindEditor/themes/default/default.css" "Mozilla/5.0 (Windows NT 6.3; WOW64) AppleWebKit/537.36 (KHTML, like Gecko) Chrome/56.0.2924.87 Safari/537.36"
::1 - - [Thu, 06 Apr 2017 13:00:34 GMT] "GET / HTTP/1.1" 200 2029 "http://localhost:3000/post" "Mozilla/5.0 (Windows NT 6.3; WOW64) AppleWebKit/537.36 (KHTML, like Gecko) Chrome/56.0.2924.87 Safari/537.36"
::1 - - [Thu, 06 Apr 2017 13:00:34 GMT] "GET /stylesheets/style.css HTTP/1.1" 304 - "http://localhost:3000/" "Mozilla/5.0 (Windows NT 6.3; WOW64) AppleWebKit/537.36 (KHTML, like Gecko) Chrome/56.0.2924.87 Safari/537.36"
::1 - - [Thu, 06 Apr 2017 13:00:34 GMT] "GET /kindEditor/kindeditor-all-min.js HTTP/1.1" 304 - "http://localhost:3000/" "Mozilla/5.0 (Windows NT 6.3; WOW64) AppleWebKit/537.36 (KHTML, like Gecko) Chrome/56.0.2924.87 Safari/537.36"
::1 - - [Thu, 06 Apr 2017 13:00:34 GMT] "GET /kindEditor/kindeditor-all.js HTTP/1.1" 304 - "http://localhost:3000/" "Mozilla/5.0 (Windows NT 6.3; WOW64) AppleWebKit/537.36 (KHTML, like Gecko) Chrome/56.0.2924.87 Safari/537.36"
::1 - - [Thu, 06 Apr 2017 13:00:34 GMT] "GET /kindEditor/lang/zh-CN.js HTTP/1.1" 304 - "http://localhost:3000/" "Mozilla/5.0 (Windows NT 6.3; WOW64) AppleWebKit/537.36 (KHTML, like Gecko) Chrome/56.0.2924.87 Safari/537.36"
::1 - - [Thu, 06 Apr 2017 13:00:34 GMT] "GET /kindEditor/plugins/emoticons/images/0.gif HTTP/1.1" 304 - "http://localhost:3000/" "Mozilla/5.0 (Windows NT 6.3; WOW64) AppleWebKit/537.36 (KHTML, like Gecko) Chrome/56.0.2924.87 Safari/537.36"
::1 - - [Thu, 06 Apr 2017 13:00:34 GMT] "GET /kindEditor/plugins/emoticons/images/2.gif HTTP/1.1" 304 - "http://localhost:3000/" "Mozilla/5.0 (Windows NT 6.3; WOW64) AppleWebKit/537.36 (KHTML, like Gecko) Chrome/56.0.2924.87 Safari/537.36"
::1 - - [Thu, 06 Apr 2017 13:00:34 GMT] "GET /kindEditor/plugins/emoticons/images/115.gif HTTP/1.1" 304 - "http://localhost:3000/" "Mozilla/5.0 (Windows NT 6.3; WOW64) AppleWebKit/537.36 (KHTML, like Gecko) Chrome/56.0.2924.87 Safari/537.36"
::1 - - [Thu, 06 Apr 2017 13:00:34 GMT] "GET /kindEditor/themes/default/default.css HTTP/1.1" 304 - "http://localhost:3000/" "Mozilla/5.0 (Windows NT 6.3; WOW64) AppleWebKit/537.36 (KHTML, like Gecko) Chrome/56.0.2924.87 Safari/537.36"
::1 - - [Thu, 06 Apr 2017 13:00:36 GMT] "GET /u/likun/2017-4-6/222 HTTP/1.1" 200 2463 "http://localhost:3000/" "Mozilla/5.0 (Windows NT 6.3; WOW64) AppleWebKit/537.36 (KHTML, like Gecko) Chrome/56.0.2924.87 Safari/537.36"
::1 - - [Thu, 06 Apr 2017 13:00:36 GMT] "GET /stylesheets/style.css HTTP/1.1" 304 - "http://localhost:3000/u/likun/2017-4-6/222" "Mozilla/5.0 (Windows NT 6.3; WOW64) AppleWebKit/537.36 (KHTML, like Gecko) Chrome/56.0.2924.87 Safari/537.36"
::1 - - [Thu, 06 Apr 2017 13:00:36 GMT] "GET /kindEditor/kindeditor-all-min.js HTTP/1.1" 304 - "http://localhost:3000/u/likun/2017-4-6/222" "Mozilla/5.0 (Windows NT 6.3; WOW64) AppleWebKit/537.36 (KHTML, like Gecko) Chrome/56.0.2924.87 Safari/537.36"
::1 - - [Thu, 06 Apr 2017 13:00:36 GMT] "GET /kindEditor/kindeditor-all.js HTTP/1.1" 304 - "http://localhost:3000/u/likun/2017-4-6/222" "Mozilla/5.0 (Windows NT 6.3; WOW64) AppleWebKit/537.36 (KHTML, like Gecko) Chrome/56.0.2924.87 Safari/537.36"
::1 - - [Thu, 06 Apr 2017 13:00:36 GMT] "GET /kindEditor/lang/zh-CN.js HTTP/1.1" 304 - "http://localhost:3000/u/likun/2017-4-6/222" "Mozilla/5.0 (Windows NT 6.3; WOW64) AppleWebKit/537.36 (KHTML, like Gecko) Chrome/56.0.2924.87 Safari/537.36"
::1 - - [Thu, 06 Apr 2017 13:00:36 GMT] "GET /kindEditor/plugins/emoticons/images/0.gif HTTP/1.1" 304 - "http://localhost:3000/u/likun/2017-4-6/222" "Mozilla/5.0 (Windows NT 6.3; WOW64) AppleWebKit/537.36 (KHTML, like Gecko) Chrome/56.0.2924.87 Safari/537.36"
::1 - - [Thu, 06 Apr 2017 13:00:36 GMT] "GET /kindEditor/plugins/emoticons/images/2.gif HTTP/1.1" 304 - "http://localhost:3000/u/likun/2017-4-6/222" "Mozilla/5.0 (Windows NT 6.3; WOW64) AppleWebKit/537.36 (KHTML, like Gecko) Chrome/56.0.2924.87 Safari/537.36"
::1 - - [Thu, 06 Apr 2017 13:00:36 GMT] "GET /kindEditor/plugins/emoticons/images/115.gif HTTP/1.1" 304 - "http://localhost:3000/u/likun/2017-4-6/222" "Mozilla/5.0 (Windows NT 6.3; WOW64) AppleWebKit/537.36 (KHTML, like Gecko) Chrome/56.0.2924.87 Safari/537.36"
::1 - - [Thu, 06 Apr 2017 13:00:36 GMT] "GET /kindEditor/themes/default/default.css HTTP/1.1" 304 - "http://localhost:3000/u/likun/2017-4-6/222" "Mozilla/5.0 (Windows NT 6.3; WOW64) AppleWebKit/537.36 (KHTML, like Gecko) Chrome/56.0.2924.87 Safari/537.36"
::1 - - [Thu, 06 Apr 2017 13:09:10 GMT] "GET /post HTTP/1.1" 304 - "http://localhost:3000/u/likun/2017-4-6/222" "Mozilla/5.0 (Windows NT 6.3; WOW64) AppleWebKit/537.36 (KHTML, like Gecko) Chrome/56.0.2924.87 Safari/537.36"
::1 - - [Thu, 06 Apr 2017 13:09:10 GMT] "GET /stylesheets/style.css HTTP/1.1" 304 - "http://localhost:3000/post" "Mozilla/5.0 (Windows NT 6.3; WOW64) AppleWebKit/537.36 (KHTML, like Gecko) Chrome/56.0.2924.87 Safari/537.36"
::1 - - [Thu, 06 Apr 2017 13:09:10 GMT] "GET /kindEditor/kindeditor-all-min.js HTTP/1.1" 304 - "http://localhost:3000/post" "Mozilla/5.0 (Windows NT 6.3; WOW64) AppleWebKit/537.36 (KHTML, like Gecko) Chrome/56.0.2924.87 Safari/537.36"
::1 - - [Thu, 06 Apr 2017 13:09:10 GMT] "GET /kindEditor/kindeditor-all.js HTTP/1.1" 304 - "http://localhost:3000/post" "Mozilla/5.0 (Windows NT 6.3; WOW64) AppleWebKit/537.36 (KHTML, like Gecko) Chrome/56.0.2924.87 Safari/537.36"
::1 - - [Thu, 06 Apr 2017 13:09:10 GMT] "GET /kindEditor/lang/zh-CN.js HTTP/1.1" 304 - "http://localhost:3000/post" "Mozilla/5.0 (Windows NT 6.3; WOW64) AppleWebKit/537.36 (KHTML, like Gecko) Chrome/56.0.2924.87 Safari/537.36"
::1 - - [Thu, 06 Apr 2017 13:09:10 GMT] "GET /kindEditor/themes/default/default.css HTTP/1.1" 304 - "http://localhost:3000/post" "Mozilla/5.0 (Windows NT 6.3; WOW64) AppleWebKit/537.36 (KHTML, like Gecko) Chrome/56.0.2924.87 Safari/537.36"
::1 - - [Thu, 06 Apr 2017 13:11:10 GMT] "GET /kindEditor/themes/default/background.png HTTP/1.1" 304 - "http://localhost:3000/kindEditor/themes/default/default.css" "Mozilla/5.0 (Windows NT 6.3; WOW64) AppleWebKit/537.36 (KHTML, like Gecko) Chrome/56.0.2924.87 Safari/537.36"
::1 - - [Thu, 06 Apr 2017 13:11:10 GMT] "GET /kindEditor/themes/default/default.png HTTP/1.1" 304 - "http://localhost:3000/kindEditor/themes/default/default.css" "Mozilla/5.0 (Windows NT 6.3; WOW64) AppleWebKit/537.36 (KHTML, like Gecko) Chrome/56.0.2924.87 Safari/537.36"
::1 - - [Thu, 06 Apr 2017 13:11:10 GMT] "GET /kindEditor/plugins/image/images/refresh.png HTTP/1.1" 304 - "http://localhost:3000/post" "Mozilla/5.0 (Windows NT 6.3; WOW64) AppleWebKit/537.36 (KHTML, like Gecko) Chrome/56.0.2924.87 Safari/537.36"
::1 - - [Thu, 06 Apr 2017 13:11:10 GMT] "GET /kindEditor/plugins/image/images/align_left.gif HTTP/1.1" 304 - "http://localhost:3000/post" "Mozilla/5.0 (Windows NT 6.3; WOW64) AppleWebKit/537.36 (KHTML, like Gecko) Chrome/56.0.2924.87 Safari/537.36"
::1 - - [Thu, 06 Apr 2017 13:11:10 GMT] "GET /kindEditor/plugins/image/images/align_top.gif HTTP/1.1" 304 - "http://localhost:3000/post" "Mozilla/5.0 (Windows NT 6.3; WOW64) AppleWebKit/537.36 (KHTML, like Gecko) Chrome/56.0.2924.87 Safari/537.36"
::1 - - [Thu, 06 Apr 2017 13:11:10 GMT] "GET /kindEditor/plugins/image/images/align_right.gif HTTP/1.1" 304 - "http://localhost:3000/post" "Mozilla/5.0 (Windows NT 6.3; WOW64) AppleWebKit/537.36 (KHTML, like Gecko) Chrome/56.0.2924.87 Safari/537.36"
::1 - - [Thu, 06 Apr 2017 13:11:36 GMT] "GET /images/1.png HTTP/1.1" 200 722345 "http://localhost:3000/post" "Mozilla/5.0 (Windows NT 6.3; WOW64) AppleWebKit/537.36 (KHTML, like Gecko) Chrome/56.0.2924.87 Safari/537.36"
::1 - - [Thu, 06 Apr 2017 13:11:57 GMT] "GET /images/1.png HTTP/1.1" 304 - "http://localhost:3000/post" "Mozilla/5.0 (Windows NT 6.3; WOW64) AppleWebKit/537.36 (KHTML, like Gecko) Chrome/56.0.2924.87 Safari/537.36"
::1 - - [Thu, 06 Apr 2017 13:12:50 GMT] "POST /post HTTP/1.1" 302 46 "http://localhost:3000/post" "Mozilla/5.0 (Windows NT 6.3; WOW64) AppleWebKit/537.36 (KHTML, like Gecko) Chrome/56.0.2924.87 Safari/537.36"
::1 - - [Thu, 06 Apr 2017 13:12:50 GMT] "GET / HTTP/1.1" 200 2571 "http://localhost:3000/post" "Mozilla/5.0 (Windows NT 6.3; WOW64) AppleWebKit/537.36 (KHTML, like Gecko) Chrome/56.0.2924.87 Safari/537.36"
::1 - - [Thu, 06 Apr 2017 13:12:50 GMT] "GET /stylesheets/style.css HTTP/1.1" 304 - "http://localhost:3000/" "Mozilla/5.0 (Windows NT 6.3; WOW64) AppleWebKit/537.36 (KHTML, like Gecko) Chrome/56.0.2924.87 Safari/537.36"
::1 - - [Thu, 06 Apr 2017 13:12:50 GMT] "GET /kindEditor/kindeditor-all-min.js HTTP/1.1" 304 - "http://localhost:3000/" "Mozilla/5.0 (Windows NT 6.3; WOW64) AppleWebKit/537.36 (KHTML, like Gecko) Chrome/56.0.2924.87 Safari/537.36"
::1 - - [Thu, 06 Apr 2017 13:12:50 GMT] "GET /kindEditor/kindeditor-all.js HTTP/1.1" 304 - "http://localhost:3000/" "Mozilla/5.0 (Windows NT 6.3; WOW64) AppleWebKit/537.36 (KHTML, like Gecko) Chrome/56.0.2924.87 Safari/537.36"
::1 - - [Thu, 06 Apr 2017 13:12:50 GMT] "GET /kindEditor/lang/zh-CN.js HTTP/1.1" 304 - "http://localhost:3000/" "Mozilla/5.0 (Windows NT 6.3; WOW64) AppleWebKit/537.36 (KHTML, like Gecko) Chrome/56.0.2924.87 Safari/537.36"
::1 - - [Thu, 06 Apr 2017 13:12:50 GMT] "GET /images/1.png HTTP/1.1" 304 - "http://localhost:3000/" "Mozilla/5.0 (Windows NT 6.3; WOW64) AppleWebKit/537.36 (KHTML, like Gecko) Chrome/56.0.2924.87 Safari/537.36"
::1 - - [Thu, 06 Apr 2017 13:12:50 GMT] "GET /kindEditor/plugins/emoticons/images/0.gif HTTP/1.1" 304 - "http://localhost:3000/" "Mozilla/5.0 (Windows NT 6.3; WOW64) AppleWebKit/537.36 (KHTML, like Gecko) Chrome/56.0.2924.87 Safari/537.36"
::1 - - [Thu, 06 Apr 2017 13:12:50 GMT] "GET /kindEditor/plugins/emoticons/images/2.gif HTTP/1.1" 304 - "http://localhost:3000/" "Mozilla/5.0 (Windows NT 6.3; WOW64) AppleWebKit/537.36 (KHTML, like Gecko) Chrome/56.0.2924.87 Safari/537.36"
::1 - - [Thu, 06 Apr 2017 13:12:50 GMT] "GET /kindEditor/plugins/emoticons/images/115.gif HTTP/1.1" 304 - "http://localhost:3000/" "Mozilla/5.0 (Windows NT 6.3; WOW64) AppleWebKit/537.36 (KHTML, like Gecko) Chrome/56.0.2924.87 Safari/537.36"
::1 - - [Thu, 06 Apr 2017 13:12:50 GMT] "GET /kindEditor/themes/default/default.css HTTP/1.1" 304 - "http://localhost:3000/" "Mozilla/5.0 (Windows NT 6.3; WOW64) AppleWebKit/537.36 (KHTML, like Gecko) Chrome/56.0.2924.87 Safari/537.36"
::1 - - [Thu, 06 Apr 2017 13:37:56 GMT] "GET /archive HTTP/1.1" 200 1554 "http://localhost:3000/" "Mozilla/5.0 (Windows NT 6.3; WOW64) AppleWebKit/537.36 (KHTML, like Gecko) Chrome/56.0.2924.87 Safari/537.36"
::1 - - [Thu, 06 Apr 2017 13:37:56 GMT] "GET /stylesheets/style.css HTTP/1.1" 304 - "http://localhost:3000/archive" "Mozilla/5.0 (Windows NT 6.3; WOW64) AppleWebKit/537.36 (KHTML, like Gecko) Chrome/56.0.2924.87 Safari/537.36"
::1 - - [Thu, 06 Apr 2017 13:37:56 GMT] "GET /kindEditor/kindeditor-all-min.js HTTP/1.1" 304 - "http://localhost:3000/archive" "Mozilla/5.0 (Windows NT 6.3; WOW64) AppleWebKit/537.36 (KHTML, like Gecko) Chrome/56.0.2924.87 Safari/537.36"
::1 - - [Thu, 06 Apr 2017 13:37:56 GMT] "GET /kindEditor/kindeditor-all.js HTTP/1.1" 304 - "http://localhost:3000/archive" "Mozilla/5.0 (Windows NT 6.3; WOW64) AppleWebKit/537.36 (KHTML, like Gecko) Chrome/56.0.2924.87 Safari/537.36"
::1 - - [Thu, 06 Apr 2017 13:37:56 GMT] "GET /kindEditor/lang/zh-CN.js HTTP/1.1" 304 - "http://localhost:3000/archive" "Mozilla/5.0 (Windows NT 6.3; WOW64) AppleWebKit/537.36 (KHTML, like Gecko) Chrome/56.0.2924.87 Safari/537.36"
::1 - - [Thu, 06 Apr 2017 13:37:57 GMT] "GET /kindEditor/themes/default/default.css HTTP/1.1" 304 - "http://localhost:3000/archive" "Mozilla/5.0 (Windows NT 6.3; WOW64) AppleWebKit/537.36 (KHTML, like Gecko) Chrome/56.0.2924.87 Safari/537.36"
::1 - - [Thu, 06 Apr 2017 13:40:49 GMT] "GET /tags HTTP/1.1" 200 1449 "http://localhost:3000/archive" "Mozilla/5.0 (Windows NT 6.3; WOW64) AppleWebKit/537.36 (KHTML, like Gecko) Chrome/56.0.2924.87 Safari/537.36"
::1 - - [Thu, 06 Apr 2017 13:40:49 GMT] "GET /stylesheets/style.css HTTP/1.1" 304 - "http://localhost:3000/tags" "Mozilla/5.0 (Windows NT 6.3; WOW64) AppleWebKit/537.36 (KHTML, like Gecko) Chrome/56.0.2924.87 Safari/537.36"
::1 - - [Thu, 06 Apr 2017 13:40:49 GMT] "GET /kindEditor/kindeditor-all-min.js HTTP/1.1" 304 - "http://localhost:3000/tags" "Mozilla/5.0 (Windows NT 6.3; WOW64) AppleWebKit/537.36 (KHTML, like Gecko) Chrome/56.0.2924.87 Safari/537.36"
::1 - - [Thu, 06 Apr 2017 13:40:49 GMT] "GET /kindEditor/kindeditor-all.js HTTP/1.1" 304 - "http://localhost:3000/tags" "Mozilla/5.0 (Windows NT 6.3; WOW64) AppleWebKit/537.36 (KHTML, like Gecko) Chrome/56.0.2924.87 Safari/537.36"
::1 - - [Thu, 06 Apr 2017 13:40:49 GMT] "GET /kindEditor/lang/zh-CN.js HTTP/1.1" 304 - "http://localhost:3000/tags" "Mozilla/5.0 (Windows NT 6.3; WOW64) AppleWebKit/537.36 (KHTML, like Gecko) Chrome/56.0.2924.87 Safari/537.36"
::1 - - [Thu, 06 Apr 2017 13:40:49 GMT] "GET /kindEditor/themes/default/default.css HTTP/1.1" 304 - "http://localhost:3000/tags" "Mozilla/5.0 (Windows NT 6.3; WOW64) AppleWebKit/537.36 (KHTML, like Gecko) Chrome/56.0.2924.87 Safari/537.36"
::1 - - [Thu, 06 Apr 2017 13:40:52 GMT] "GET /links HTTP/1.1" 200 1444 "http://localhost:3000/tags" "Mozilla/5.0 (Windows NT 6.3; WOW64) AppleWebKit/537.36 (KHTML, like Gecko) Chrome/56.0.2924.87 Safari/537.36"
::1 - - [Thu, 06 Apr 2017 13:40:52 GMT] "GET /stylesheets/style.css HTTP/1.1" 304 - "http://localhost:3000/links" "Mozilla/5.0 (Windows NT 6.3; WOW64) AppleWebKit/537.36 (KHTML, like Gecko) Chrome/56.0.2924.87 Safari/537.36"
::1 - - [Thu, 06 Apr 2017 13:40:52 GMT] "GET /kindEditor/kindeditor-all-min.js HTTP/1.1" 304 - "http://localhost:3000/links" "Mozilla/5.0 (Windows NT 6.3; WOW64) AppleWebKit/537.36 (KHTML, like Gecko) Chrome/56.0.2924.87 Safari/537.36"
::1 - - [Thu, 06 Apr 2017 13:40:52 GMT] "GET /kindEditor/kindeditor-all.js HTTP/1.1" 304 - "http://localhost:3000/links" "Mozilla/5.0 (Windows NT 6.3; WOW64) AppleWebKit/537.36 (KHTML, like Gecko) Chrome/56.0.2924.87 Safari/537.36"
::1 - - [Thu, 06 Apr 2017 13:40:52 GMT] "GET /kindEditor/lang/zh-CN.js HTTP/1.1" 304 - "http://localhost:3000/links" "Mozilla/5.0 (Windows NT 6.3; WOW64) AppleWebKit/537.36 (KHTML, like Gecko) Chrome/56.0.2924.87 Safari/537.36"
::1 - - [Thu, 06 Apr 2017 13:40:52 GMT] "GET /kindEditor/themes/default/default.css HTTP/1.1" 304 - "http://localhost:3000/links" "Mozilla/5.0 (Windows NT 6.3; WOW64) AppleWebKit/537.36 (KHTML, like Gecko) Chrome/56.0.2924.87 Safari/537.36"
>>>>>>> blog3
